Symlinking /home/miguel/ws/cpswarm_server/devel/lib/python2.7/dist-packages/cvm_msgs/__init__.py
Symlinking /home/miguel/ws/cpswarm_server/devel/lib/python2.7/dist-packages/cvm_msgs/msg/_StereoImage.py
Symlinking /home/miguel/ws/cpswarm_server/devel/lib/python2.7/dist-packages/cvm_msgs/msg/_BoundingBox.py
Symlinking /home/miguel/ws/cpswarm_server/devel/lib/python2.7/dist-packages/cvm_msgs/msg/__init__.py
Symlinking /home/miguel/ws/cpswarm_server/devel/lib/python2.7/dist-packages/cvm_msgs/msg/_BoundingBoxes.py
Symlinking /home/miguel/ws/cpswarm_server/devel/lib/pkgconfig/cvm_msgs.pc
Symlinking /home/miguel/ws/cpswarm_server/devel/share/cvm_msgs/cmake/cvm_msgsConfig-version.cmake
Symlinking /home/miguel/ws/cpswarm_server/devel/share/cvm_msgs/cmake/cvm_msgs-msg-extras.cmake
Symlinking /home/miguel/ws/cpswarm_server/devel/share/cvm_msgs/cmake/cvm_msgsConfig.cmake
Symlinking /home/miguel/ws/cpswarm_server/devel/share/cvm_msgs/cmake/cvm_msgs-msg-paths.cmake
Symlinking /home/miguel/ws/cpswarm_server/devel/share/common-lisp/ros/cvm_msgs/msg/BoundingBoxes.lisp
Symlinking /home/miguel/ws/cpswarm_server/devel/share/common-lisp/ros/cvm_msgs/msg/cvm_msgs-msg.asd
Symlinking /home/miguel/ws/cpswarm_server/devel/share/common-lisp/ros/cvm_msgs/msg/BoundingBox.lisp
Symlinking /home/miguel/ws/cpswarm_server/devel/share/common-lisp/ros/cvm_msgs/msg/_package.lisp
Symlinking /home/miguel/ws/cpswarm_server/devel/share/common-lisp/ros/cvm_msgs/msg/_package_BoundingBox.lisp
Symlinking /home/miguel/ws/cpswarm_server/devel/share/common-lisp/ros/cvm_msgs/msg/_package_BoundingBoxes.lisp
Symlinking /home/miguel/ws/cpswarm_server/devel/share/common-lisp/ros/cvm_msgs/msg/StereoImage.lisp
Symlinking /home/miguel/ws/cpswarm_server/devel/share/common-lisp/ros/cvm_msgs/msg/_package_StereoImage.lisp
Symlinking /home/miguel/ws/cpswarm_server/devel/share/roseus/ros/cvm_msgs/manifest.l
Symlinking /home/miguel/ws/cpswarm_server/devel/share/roseus/ros/cvm_msgs/msg/StereoImage.l
Symlinking /home/miguel/ws/cpswarm_server/devel/share/roseus/ros/cvm_msgs/msg/BoundingBoxes.l
Symlinking /home/miguel/ws/cpswarm_server/devel/share/roseus/ros/cvm_msgs/msg/BoundingBox.l
Symlinking /home/miguel/ws/cpswarm_server/devel/share/gennodejs/ros/cvm_msgs/_index.js
Symlinking /home/miguel/ws/cpswarm_server/devel/share/gennodejs/ros/cvm_msgs/msg/BoundingBox.js
Symlinking /home/miguel/ws/cpswarm_server/devel/share/gennodejs/ros/cvm_msgs/msg/StereoImage.js
Symlinking /home/miguel/ws/cpswarm_server/devel/share/gennodejs/ros/cvm_msgs/msg/BoundingBoxes.js
Symlinking /home/miguel/ws/cpswarm_server/devel/share/gennodejs/ros/cvm_msgs/msg/_index.js
Symlinking /home/miguel/ws/cpswarm_server/devel/include/cvm_msgs/BoundingBoxes.h
Symlinking /home/miguel/ws/cpswarm_server/devel/include/cvm_msgs/StereoImage.h
Symlinking /home/miguel/ws/cpswarm_server/devel/include/cvm_msgs/BoundingBox.h
