[35m[1mScanning dependencies of target _cvm_msgs_generate_messages_check_deps_BoundingBox[0m
[35m[1mScanning dependencies of target _cvm_msgs_generate_messages_check_deps_BoundingBoxes[0m
[35m[1mScanning dependencies of target stereo_msgs_generate_messages_eus[0m
[35m[1mScanning dependencies of target _cvm_msgs_generate_messages_check_deps_StereoImage[0m
[35m[1mScanning dependencies of target sensor_msgs_generate_messages_eus[0m
[  0%] Built target stereo_msgs_generate_messages_eus
[  0%] Built target sensor_msgs_generate_messages_eus
[35m[1mScanning dependencies of target std_msgs_generate_messages_py[0m
[35m[1mScanning dependencies of target std_msgs_generate_messages_eus[0m
[  0%] Built target std_msgs_generate_messages_py
[  0%] Built target std_msgs_generate_messages_eus
[  0%] Built target _cvm_msgs_generate_messages_check_deps_StereoImage
[35m[1mScanning dependencies of target sensor_msgs_generate_messages_py[0m
[  0%] Built target _cvm_msgs_generate_messages_check_deps_BoundingBox
[  0%] Built target _cvm_msgs_generate_messages_check_deps_BoundingBoxes
[35m[1mScanning dependencies of target stereo_msgs_generate_messages_py[0m
[  0%] Built target sensor_msgs_generate_messages_py
[35m[1mScanning dependencies of target std_msgs_generate_messages_nodejs[0m
[35m[1mScanning dependencies of target stereo_msgs_generate_messages_nodejs[0m
[35m[1mScanning dependencies of target sensor_msgs_generate_messages_nodejs[0m
[  0%] Built target stereo_msgs_generate_messages_py
[35m[1mScanning dependencies of target std_msgs_generate_messages_lisp[0m
[  0%] Built target sensor_msgs_generate_messages_nodejs
[  0%] Built target stereo_msgs_generate_messages_nodejs
[  0%] Built target std_msgs_generate_messages_nodejs
[35m[1mScanning dependencies of target sensor_msgs_generate_messages_lisp[0m
[35m[1mScanning dependencies of target stereo_msgs_generate_messages_cpp[0m
[  0%] Built target std_msgs_generate_messages_lisp
[35m[1mScanning dependencies of target stereo_msgs_generate_messages_lisp[0m
[35m[1mScanning dependencies of target std_msgs_generate_messages_cpp[0m
[  0%] Built target sensor_msgs_generate_messages_lisp
[  0%] Built target stereo_msgs_generate_messages_lisp
[35m[1mScanning dependencies of target sensor_msgs_generate_messages_cpp[0m
[  0%] Built target stereo_msgs_generate_messages_cpp
[  0%] Built target std_msgs_generate_messages_cpp
[35m[1mScanning dependencies of target cvm_msgs_generate_messages_eus[0m
[35m[1mScanning dependencies of target cvm_msgs_generate_messages_py[0m
[  0%] Built target sensor_msgs_generate_messages_cpp
[35m[1mScanning dependencies of target cvm_msgs_generate_messages_nodejs[0m
[35m[1mScanning dependencies of target cvm_msgs_generate_messages_lisp[0m
[  5%] [34m[1mGenerating Python from MSG cvm_msgs/StereoImage[0m
[ 11%] [34m[1mGenerating EusLisp code from cvm_msgs/StereoImage.msg[0m
[ 17%] [34m[1mGenerating EusLisp code from cvm_msgs/BoundingBoxes.msg[0m
[ 23%] [34m[1mGenerating Javascript code from cvm_msgs/StereoImage.msg[0m
[ 29%] [34m[1mGenerating Lisp code from cvm_msgs/StereoImage.msg[0m
[ 35%] [34m[1mGenerating Javascript code from cvm_msgs/BoundingBoxes.msg[0m
[ 41%] [34m[1mGenerating Lisp code from cvm_msgs/BoundingBoxes.msg[0m
[ 47%] [34m[1mGenerating Lisp code from cvm_msgs/BoundingBox.msg[0m
[ 52%] [34m[1mGenerating EusLisp code from cvm_msgs/BoundingBox.msg[0m
[ 58%] [34m[1mGenerating EusLisp manifest code for cvm_msgs[0m
[ 64%] [34m[1mGenerating Javascript code from cvm_msgs/BoundingBox.msg[0m
[ 64%] Built target cvm_msgs_generate_messages_lisp
[ 70%] [34m[1mGenerating Python from MSG cvm_msgs/BoundingBoxes[0m
[35m[1mScanning dependencies of target cvm_msgs_generate_messages_cpp[0m
[ 76%] [34m[1mGenerating C++ code from cvm_msgs/StereoImage.msg[0m
[ 82%] [34m[1mGenerating Python from MSG cvm_msgs/BoundingBox[0m
[ 82%] Built target cvm_msgs_generate_messages_nodejs
[ 88%] [34m[1mGenerating C++ code from cvm_msgs/BoundingBoxes.msg[0m
[ 94%] [34m[1mGenerating C++ code from cvm_msgs/BoundingBox.msg[0m
[100%] [34m[1mGenerating Python msg __init__.py for cvm_msgs[0m
[100%] Built target cvm_msgs_generate_messages_py
[100%] Built target cvm_msgs_generate_messages_cpp
[100%] Built target cvm_msgs_generate_messages_eus
[35m[1mScanning dependencies of target cvm_msgs_generate_messages[0m
[100%] Built target cvm_msgs_generate_messages
