Determining if the pthread_create exist failed with the following output:
Change Dir: /home/miguel/ws/cpswarm_server/build/cpswarm_msgs/CMakeFiles/CMakeTmp

Run Build Command:"/usr/bin/make" "cmTC_d14ae/fast"
/usr/bin/make -f CMakeFiles/cmTC_d14ae.dir/build.make CMakeFiles/cmTC_d14ae.dir/build
make[1]: Entering directory '/home/miguel/ws/cpswarm_server/build/cpswarm_msgs/CMakeFiles/CMakeTmp'
Building C object CMakeFiles/cmTC_d14ae.dir/CheckSymbolExists.c.o
/usr/bin/cc     -o CMakeFiles/cmTC_d14ae.dir/CheckSymbolExists.c.o   -c /home/miguel/ws/cpswarm_server/build/cpswarm_msgs/CMakeFiles/CMakeTmp/CheckSymbolExists.c
Linking C executable cmTC_d14ae
/usr/bin/cmake -E cmake_link_script CMakeFiles/cmTC_d14ae.dir/link.txt --verbose=1
/usr/bin/cc       CMakeFiles/cmTC_d14ae.dir/CheckSymbolExists.c.o  -o cmTC_d14ae -rdynamic 
CMakeFiles/cmTC_d14ae.dir/CheckSymbolExists.c.o: In function `main':
CheckSymbolExists.c:(.text+0x16): undefined reference to `pthread_create'
collect2: error: ld returned 1 exit status
CMakeFiles/cmTC_d14ae.dir/build.make:97: recipe for target 'cmTC_d14ae' failed
make[1]: *** [cmTC_d14ae] Error 1
make[1]: Leaving directory '/home/miguel/ws/cpswarm_server/build/cpswarm_msgs/CMakeFiles/CMakeTmp'
Makefile:126: recipe for target 'cmTC_d14ae/fast' failed
make: *** [cmTC_d14ae/fast] Error 2

File /home/miguel/ws/cpswarm_server/build/cpswarm_msgs/CMakeFiles/CMakeTmp/CheckSymbolExists.c:
/* */
#include <pthread.h>

int main(int argc, char** argv)
{
  (void)argv;
#ifndef pthread_create
  return ((int*)(&pthread_create))[argc];
#else
  (void)argc;
  return 0;
#endif
}

Determining if the function pthread_create exists in the pthreads failed with the following output:
Change Dir: /home/miguel/ws/cpswarm_server/build/cpswarm_msgs/CMakeFiles/CMakeTmp

Run Build Command:"/usr/bin/make" "cmTC_4d949/fast"
/usr/bin/make -f CMakeFiles/cmTC_4d949.dir/build.make CMakeFiles/cmTC_4d949.dir/build
make[1]: Entering directory '/home/miguel/ws/cpswarm_server/build/cpswarm_msgs/CMakeFiles/CMakeTmp'
Building C object CMakeFiles/cmTC_4d949.dir/CheckFunctionExists.c.o
/usr/bin/cc    -DCHECK_FUNCTION_EXISTS=pthread_create   -o CMakeFiles/cmTC_4d949.dir/CheckFunctionExists.c.o   -c /usr/share/cmake-3.5/Modules/CheckFunctionExists.c
Linking C executable cmTC_4d949
/usr/bin/cmake -E cmake_link_script CMakeFiles/cmTC_4d949.dir/link.txt --verbose=1
/usr/bin/cc   -DCHECK_FUNCTION_EXISTS=pthread_create    CMakeFiles/cmTC_4d949.dir/CheckFunctionExists.c.o  -o cmTC_4d949 -rdynamic -lpthreads 
/usr/bin/x86_64-linux-gnu-ld: cannot find -lpthreads
collect2: error: ld returned 1 exit status
CMakeFiles/cmTC_4d949.dir/build.make:97: recipe for target 'cmTC_4d949' failed
make[1]: *** [cmTC_4d949] Error 1
make[1]: Leaving directory '/home/miguel/ws/cpswarm_server/build/cpswarm_msgs/CMakeFiles/CMakeTmp'
Makefile:126: recipe for target 'cmTC_4d949/fast' failed
make: *** [cmTC_4d949/fast] Error 2


