Symlinking /home/miguel/ws/cpswarm_server/devel/lib/python2.7/dist-packages/cpswarm_msgs/__init__.py
Symlinking /home/miguel/ws/cpswarm_server/devel/lib/python2.7/dist-packages/cpswarm_msgs/msg/_TrackingResult.py
Symlinking /home/miguel/ws/cpswarm_server/devel/lib/python2.7/dist-packages/cpswarm_msgs/msg/_TargetResult.py
Symlinking /home/miguel/ws/cpswarm_server/devel/lib/python2.7/dist-packages/cpswarm_msgs/msg/_NewCartEvent.py
Symlinking /home/miguel/ws/cpswarm_server/devel/lib/python2.7/dist-packages/cpswarm_msgs/msg/_TargetTracking.py
Symlinking /home/miguel/ws/cpswarm_server/devel/lib/python2.7/dist-packages/cpswarm_msgs/msg/_ArrayOfStates.py
Symlinking /home/miguel/ws/cpswarm_server/devel/lib/python2.7/dist-packages/cpswarm_msgs/msg/_EmptyAction.py
Symlinking /home/miguel/ws/cpswarm_server/devel/lib/python2.7/dist-packages/cpswarm_msgs/msg/_PickAndPlaceFeedback.py
Symlinking /home/miguel/ws/cpswarm_server/devel/lib/python2.7/dist-packages/cpswarm_msgs/msg/_PickAndPlaceAction.py
Symlinking /home/miguel/ws/cpswarm_server/devel/lib/python2.7/dist-packages/cpswarm_msgs/msg/_CoverageActionFeedback.py
Symlinking /home/miguel/ws/cpswarm_server/devel/lib/python2.7/dist-packages/cpswarm_msgs/msg/_CoverageActionResult.py
Symlinking /home/miguel/ws/cpswarm_server/devel/lib/python2.7/dist-packages/cpswarm_msgs/msg/_PickAndPlaceResult.py
Symlinking /home/miguel/ws/cpswarm_server/devel/lib/python2.7/dist-packages/cpswarm_msgs/msg/_AreaDivisionEvent.py
Symlinking /home/miguel/ws/cpswarm_server/devel/lib/python2.7/dist-packages/cpswarm_msgs/msg/_VectorStamped.py
Symlinking /home/miguel/ws/cpswarm_server/devel/lib/python2.7/dist-packages/cpswarm_msgs/msg/_TaskAllocatedEvent.py
Symlinking /home/miguel/ws/cpswarm_server/devel/lib/python2.7/dist-packages/cpswarm_msgs/msg/_PickAndPlaceActionGoal.py
Symlinking /home/miguel/ws/cpswarm_server/devel/lib/python2.7/dist-packages/cpswarm_msgs/msg/_CoverageActionGoal.py
Symlinking /home/miguel/ws/cpswarm_server/devel/lib/python2.7/dist-packages/cpswarm_msgs/msg/_TaskAllocationFeedback.py
Symlinking /home/miguel/ws/cpswarm_server/devel/lib/python2.7/dist-packages/cpswarm_msgs/msg/_PickAndPlaceGoal.py
Symlinking /home/miguel/ws/cpswarm_server/devel/lib/python2.7/dist-packages/cpswarm_msgs/msg/_CartKnownEvent.py
Symlinking /home/miguel/ws/cpswarm_server/devel/lib/python2.7/dist-packages/cpswarm_msgs/msg/_TaskAllocationEvent.py
Symlinking /home/miguel/ws/cpswarm_server/devel/lib/python2.7/dist-packages/cpswarm_msgs/msg/_TargetGoal.py
Symlinking /home/miguel/ws/cpswarm_server/devel/lib/python2.7/dist-packages/cpswarm_msgs/msg/_TaskAllocationResult.py
Symlinking /home/miguel/ws/cpswarm_server/devel/lib/python2.7/dist-packages/cpswarm_msgs/msg/_EmptyActionFeedback.py
Symlinking /home/miguel/ws/cpswarm_server/devel/lib/python2.7/dist-packages/cpswarm_msgs/msg/_TrackingAction.py
Symlinking /home/miguel/ws/cpswarm_server/devel/lib/python2.7/dist-packages/cpswarm_msgs/msg/_TargetActionResult.py
Symlinking /home/miguel/ws/cpswarm_server/devel/lib/python2.7/dist-packages/cpswarm_msgs/msg/_ArrayOfPositions.py
Symlinking /home/miguel/ws/cpswarm_server/devel/lib/python2.7/dist-packages/cpswarm_msgs/msg/_EmptyFeedback.py
Symlinking /home/miguel/ws/cpswarm_server/devel/lib/python2.7/dist-packages/cpswarm_msgs/msg/_TrackingActionResult.py
Symlinking /home/miguel/ws/cpswarm_server/devel/lib/python2.7/dist-packages/cpswarm_msgs/msg/_EmptyGoal.py
Symlinking /home/miguel/ws/cpswarm_server/devel/lib/python2.7/dist-packages/cpswarm_msgs/msg/_TaskAllocationGoal.py
Symlinking /home/miguel/ws/cpswarm_server/devel/lib/python2.7/dist-packages/cpswarm_msgs/msg/_Position.py
Symlinking /home/miguel/ws/cpswarm_server/devel/lib/python2.7/dist-packages/cpswarm_msgs/msg/_Vector.py
Symlinking /home/miguel/ws/cpswarm_server/devel/lib/python2.7/dist-packages/cpswarm_msgs/msg/_CoverageAction.py
Symlinking /home/miguel/ws/cpswarm_server/devel/lib/python2.7/dist-packages/cpswarm_msgs/msg/_TaskAllocationActionGoal.py
Symlinking /home/miguel/ws/cpswarm_server/devel/lib/python2.7/dist-packages/cpswarm_msgs/msg/_TaskAllocationAction.py
Symlinking /home/miguel/ws/cpswarm_server/devel/lib/python2.7/dist-packages/cpswarm_msgs/msg/_TrackingActionFeedback.py
Symlinking /home/miguel/ws/cpswarm_server/devel/lib/python2.7/dist-packages/cpswarm_msgs/msg/_TrackingFeedback.py
Symlinking /home/miguel/ws/cpswarm_server/devel/lib/python2.7/dist-packages/cpswarm_msgs/msg/__init__.py
Symlinking /home/miguel/ws/cpswarm_server/devel/lib/python2.7/dist-packages/cpswarm_msgs/msg/_CoverageGoal.py
Symlinking /home/miguel/ws/cpswarm_server/devel/lib/python2.7/dist-packages/cpswarm_msgs/msg/_TrackingGoal.py
Symlinking /home/miguel/ws/cpswarm_server/devel/lib/python2.7/dist-packages/cpswarm_msgs/msg/_PickAndPlaceActionResult.py
Symlinking /home/miguel/ws/cpswarm_server/devel/lib/python2.7/dist-packages/cpswarm_msgs/msg/_TargetAction.py
Symlinking /home/miguel/ws/cpswarm_server/devel/lib/python2.7/dist-packages/cpswarm_msgs/msg/_CurrentState.py
Symlinking /home/miguel/ws/cpswarm_server/devel/lib/python2.7/dist-packages/cpswarm_msgs/msg/_TaskAllocationActionFeedback.py
Symlinking /home/miguel/ws/cpswarm_server/devel/lib/python2.7/dist-packages/cpswarm_msgs/msg/_EmptyActionGoal.py
Symlinking /home/miguel/ws/cpswarm_server/devel/lib/python2.7/dist-packages/cpswarm_msgs/msg/_TargetActionGoal.py
Symlinking /home/miguel/ws/cpswarm_server/devel/lib/python2.7/dist-packages/cpswarm_msgs/msg/_PickAndPlaceActionFeedback.py
Symlinking /home/miguel/ws/cpswarm_server/devel/lib/python2.7/dist-packages/cpswarm_msgs/msg/_CoverageFeedback.py
Symlinking /home/miguel/ws/cpswarm_server/devel/lib/python2.7/dist-packages/cpswarm_msgs/msg/_TargetPositionEvent.py
Symlinking /home/miguel/ws/cpswarm_server/devel/lib/python2.7/dist-packages/cpswarm_msgs/msg/_TaskAllocationActionResult.py
Symlinking /home/miguel/ws/cpswarm_server/devel/lib/python2.7/dist-packages/cpswarm_msgs/msg/_TrackingActionGoal.py
Symlinking /home/miguel/ws/cpswarm_server/devel/lib/python2.7/dist-packages/cpswarm_msgs/msg/_Velocity.py
Symlinking /home/miguel/ws/cpswarm_server/devel/lib/python2.7/dist-packages/cpswarm_msgs/msg/_EmptyActionResult.py
Symlinking /home/miguel/ws/cpswarm_server/devel/lib/python2.7/dist-packages/cpswarm_msgs/msg/_TargetActionFeedback.py
Symlinking /home/miguel/ws/cpswarm_server/devel/lib/python2.7/dist-packages/cpswarm_msgs/msg/_StateEvent.py
Symlinking /home/miguel/ws/cpswarm_server/devel/lib/python2.7/dist-packages/cpswarm_msgs/msg/_EmptyResult.py
Symlinking /home/miguel/ws/cpswarm_server/devel/lib/python2.7/dist-packages/cpswarm_msgs/msg/_TargetFeedback.py
Symlinking /home/miguel/ws/cpswarm_server/devel/lib/python2.7/dist-packages/cpswarm_msgs/msg/_ArrayOfVectors.py
Symlinking /home/miguel/ws/cpswarm_server/devel/lib/python2.7/dist-packages/cpswarm_msgs/msg/_CoverageResult.py
Symlinking /home/miguel/ws/cpswarm_server/devel/lib/python2.7/dist-packages/cpswarm_msgs/srv/_GetGpsFix.py
Symlinking /home/miguel/ws/cpswarm_server/devel/lib/python2.7/dist-packages/cpswarm_msgs/srv/_PoseToFix.py
Symlinking /home/miguel/ws/cpswarm_server/devel/lib/python2.7/dist-packages/cpswarm_msgs/srv/_GetWaypoint.py
Symlinking /home/miguel/ws/cpswarm_server/devel/lib/python2.7/dist-packages/cpswarm_msgs/srv/_ClosestBound.py
Symlinking /home/miguel/ws/cpswarm_server/devel/lib/python2.7/dist-packages/cpswarm_msgs/srv/_GetDouble.py
Symlinking /home/miguel/ws/cpswarm_server/devel/lib/python2.7/dist-packages/cpswarm_msgs/srv/_GetPoint.py
Symlinking /home/miguel/ws/cpswarm_server/devel/lib/python2.7/dist-packages/cpswarm_msgs/srv/_FixToPose.py
Symlinking /home/miguel/ws/cpswarm_server/devel/lib/python2.7/dist-packages/cpswarm_msgs/srv/_GetVector.py
Symlinking /home/miguel/ws/cpswarm_server/devel/lib/python2.7/dist-packages/cpswarm_msgs/srv/_OutOfBounds.py
Symlinking /home/miguel/ws/cpswarm_server/devel/lib/python2.7/dist-packages/cpswarm_msgs/srv/_ClearOfObstacles.py
Symlinking /home/miguel/ws/cpswarm_server/devel/lib/python2.7/dist-packages/cpswarm_msgs/srv/_Danger.py
Symlinking /home/miguel/ws/cpswarm_server/devel/lib/python2.7/dist-packages/cpswarm_msgs/srv/_GetSector.py
Symlinking /home/miguel/ws/cpswarm_server/devel/lib/python2.7/dist-packages/cpswarm_msgs/srv/__init__.py
Symlinking /home/miguel/ws/cpswarm_server/devel/lib/python2.7/dist-packages/cpswarm_msgs/srv/_NedToEnu.py
Symlinking /home/miguel/ws/cpswarm_server/devel/lib/python2.7/dist-packages/cpswarm_msgs/srv/_GetPoints.py
Symlinking /home/miguel/ws/cpswarm_server/devel/lib/pkgconfig/cpswarm_msgs.pc
Symlinking /home/miguel/ws/cpswarm_server/devel/share/cpswarm_msgs/msg/CoverageActionFeedback.msg
Symlinking /home/miguel/ws/cpswarm_server/devel/share/cpswarm_msgs/msg/TaskAllocationAction.msg
Symlinking /home/miguel/ws/cpswarm_server/devel/share/cpswarm_msgs/msg/EmptyAction.msg
Symlinking /home/miguel/ws/cpswarm_server/devel/share/cpswarm_msgs/msg/TargetGoal.msg
Symlinking /home/miguel/ws/cpswarm_server/devel/share/cpswarm_msgs/msg/EmptyActionFeedback.msg
Symlinking /home/miguel/ws/cpswarm_server/devel/share/cpswarm_msgs/msg/TargetActionResult.msg
Symlinking /home/miguel/ws/cpswarm_server/devel/share/cpswarm_msgs/msg/CoverageGoal.msg
Symlinking /home/miguel/ws/cpswarm_server/devel/share/cpswarm_msgs/msg/CoverageActionGoal.msg
Symlinking /home/miguel/ws/cpswarm_server/devel/share/cpswarm_msgs/msg/TrackingActionFeedback.msg
Symlinking /home/miguel/ws/cpswarm_server/devel/share/cpswarm_msgs/msg/PickAndPlaceActionResult.msg
Symlinking /home/miguel/ws/cpswarm_server/devel/share/cpswarm_msgs/msg/EmptyActionResult.msg
Symlinking /home/miguel/ws/cpswarm_server/devel/share/cpswarm_msgs/msg/TaskAllocationGoal.msg
Symlinking /home/miguel/ws/cpswarm_server/devel/share/cpswarm_msgs/msg/EmptyGoal.msg
Symlinking /home/miguel/ws/cpswarm_server/devel/share/cpswarm_msgs/msg/TrackingGoal.msg
Symlinking /home/miguel/ws/cpswarm_server/devel/share/cpswarm_msgs/msg/CoverageResult.msg
Symlinking /home/miguel/ws/cpswarm_server/devel/share/cpswarm_msgs/msg/TaskAllocationActionResult.msg
Symlinking /home/miguel/ws/cpswarm_server/devel/share/cpswarm_msgs/msg/TaskAllocationResult.msg
Symlinking /home/miguel/ws/cpswarm_server/devel/share/cpswarm_msgs/msg/TargetActionGoal.msg
Symlinking /home/miguel/ws/cpswarm_server/devel/share/cpswarm_msgs/msg/PickAndPlaceResult.msg
Symlinking /home/miguel/ws/cpswarm_server/devel/share/cpswarm_msgs/msg/EmptyActionGoal.msg
Symlinking /home/miguel/ws/cpswarm_server/devel/share/cpswarm_msgs/msg/TargetAction.msg
Symlinking /home/miguel/ws/cpswarm_server/devel/share/cpswarm_msgs/msg/PickAndPlaceActionGoal.msg
Symlinking /home/miguel/ws/cpswarm_server/devel/share/cpswarm_msgs/msg/TaskAllocationActionFeedback.msg
Symlinking /home/miguel/ws/cpswarm_server/devel/share/cpswarm_msgs/msg/TrackingFeedback.msg
Symlinking /home/miguel/ws/cpswarm_server/devel/share/cpswarm_msgs/msg/PickAndPlaceAction.msg
Symlinking /home/miguel/ws/cpswarm_server/devel/share/cpswarm_msgs/msg/EmptyFeedback.msg
Symlinking /home/miguel/ws/cpswarm_server/devel/share/cpswarm_msgs/msg/TargetResult.msg
Symlinking /home/miguel/ws/cpswarm_server/devel/share/cpswarm_msgs/msg/TrackingResult.msg
Symlinking /home/miguel/ws/cpswarm_server/devel/share/cpswarm_msgs/msg/CoverageFeedback.msg
Symlinking /home/miguel/ws/cpswarm_server/devel/share/cpswarm_msgs/msg/PickAndPlaceFeedback.msg
Symlinking /home/miguel/ws/cpswarm_server/devel/share/cpswarm_msgs/msg/TargetActionFeedback.msg
Symlinking /home/miguel/ws/cpswarm_server/devel/share/cpswarm_msgs/msg/TaskAllocationActionGoal.msg
Symlinking /home/miguel/ws/cpswarm_server/devel/share/cpswarm_msgs/msg/EmptyResult.msg
Symlinking /home/miguel/ws/cpswarm_server/devel/share/cpswarm_msgs/msg/TrackingActionGoal.msg
Symlinking /home/miguel/ws/cpswarm_server/devel/share/cpswarm_msgs/msg/TrackingActionResult.msg
Symlinking /home/miguel/ws/cpswarm_server/devel/share/cpswarm_msgs/msg/CoverageActionResult.msg
Symlinking /home/miguel/ws/cpswarm_server/devel/share/cpswarm_msgs/msg/PickAndPlaceGoal.msg
Symlinking /home/miguel/ws/cpswarm_server/devel/share/cpswarm_msgs/msg/TaskAllocationFeedback.msg
Symlinking /home/miguel/ws/cpswarm_server/devel/share/cpswarm_msgs/msg/TrackingAction.msg
Symlinking /home/miguel/ws/cpswarm_server/devel/share/cpswarm_msgs/msg/PickAndPlaceActionFeedback.msg
Symlinking /home/miguel/ws/cpswarm_server/devel/share/cpswarm_msgs/msg/TargetFeedback.msg
Symlinking /home/miguel/ws/cpswarm_server/devel/share/cpswarm_msgs/msg/CoverageAction.msg
Symlinking /home/miguel/ws/cpswarm_server/devel/share/cpswarm_msgs/cmake/cpswarm_msgsConfig-version.cmake
Symlinking /home/miguel/ws/cpswarm_server/devel/share/cpswarm_msgs/cmake/cpswarm_msgs-msg-extras.cmake
Symlinking /home/miguel/ws/cpswarm_server/devel/share/cpswarm_msgs/cmake/cpswarm_msgsConfig.cmake
Symlinking /home/miguel/ws/cpswarm_server/devel/share/cpswarm_msgs/cmake/cpswarm_msgs-msg-paths.cmake
Symlinking /home/miguel/ws/cpswarm_server/devel/share/common-lisp/ros/cpswarm_msgs/msg/TrackingActionResult.lisp
Symlinking /home/miguel/ws/cpswarm_server/devel/share/common-lisp/ros/cpswarm_msgs/msg/_package_CoverageGoal.lisp
Symlinking /home/miguel/ws/cpswarm_server/devel/share/common-lisp/ros/cpswarm_msgs/msg/TrackingFeedback.lisp
Symlinking /home/miguel/ws/cpswarm_server/devel/share/common-lisp/ros/cpswarm_msgs/msg/_package_ArrayOfPositions.lisp
Symlinking /home/miguel/ws/cpswarm_server/devel/share/common-lisp/ros/cpswarm_msgs/msg/_package_ArrayOfStates.lisp
Symlinking /home/miguel/ws/cpswarm_server/devel/share/common-lisp/ros/cpswarm_msgs/msg/_package_Position.lisp
Symlinking /home/miguel/ws/cpswarm_server/devel/share/common-lisp/ros/cpswarm_msgs/msg/CoverageAction.lisp
Symlinking /home/miguel/ws/cpswarm_server/devel/share/common-lisp/ros/cpswarm_msgs/msg/_package_PickAndPlaceActionResult.lisp
Symlinking /home/miguel/ws/cpswarm_server/devel/share/common-lisp/ros/cpswarm_msgs/msg/_package_EmptyActionGoal.lisp
Symlinking /home/miguel/ws/cpswarm_server/devel/share/common-lisp/ros/cpswarm_msgs/msg/_package_TaskAllocatedEvent.lisp
Symlinking /home/miguel/ws/cpswarm_server/devel/share/common-lisp/ros/cpswarm_msgs/msg/PickAndPlaceActionResult.lisp
Symlinking /home/miguel/ws/cpswarm_server/devel/share/common-lisp/ros/cpswarm_msgs/msg/_package_TaskAllocationResult.lisp
Symlinking /home/miguel/ws/cpswarm_server/devel/share/common-lisp/ros/cpswarm_msgs/msg/_package_CoverageActionResult.lisp
Symlinking /home/miguel/ws/cpswarm_server/devel/share/common-lisp/ros/cpswarm_msgs/msg/_package_EmptyResult.lisp
Symlinking /home/miguel/ws/cpswarm_server/devel/share/common-lisp/ros/cpswarm_msgs/msg/_package_TrackingActionResult.lisp
Symlinking /home/miguel/ws/cpswarm_server/devel/share/common-lisp/ros/cpswarm_msgs/msg/TargetGoal.lisp
Symlinking /home/miguel/ws/cpswarm_server/devel/share/common-lisp/ros/cpswarm_msgs/msg/ArrayOfPositions.lisp
Symlinking /home/miguel/ws/cpswarm_server/devel/share/common-lisp/ros/cpswarm_msgs/msg/ArrayOfStates.lisp
Symlinking /home/miguel/ws/cpswarm_server/devel/share/common-lisp/ros/cpswarm_msgs/msg/_package_AreaDivisionEvent.lisp
Symlinking /home/miguel/ws/cpswarm_server/devel/share/common-lisp/ros/cpswarm_msgs/msg/_package_PickAndPlaceActionGoal.lisp
Symlinking /home/miguel/ws/cpswarm_server/devel/share/common-lisp/ros/cpswarm_msgs/msg/EmptyActionGoal.lisp
Symlinking /home/miguel/ws/cpswarm_server/devel/share/common-lisp/ros/cpswarm_msgs/msg/PickAndPlaceResult.lisp
Symlinking /home/miguel/ws/cpswarm_server/devel/share/common-lisp/ros/cpswarm_msgs/msg/TargetActionResult.lisp
Symlinking /home/miguel/ws/cpswarm_server/devel/share/common-lisp/ros/cpswarm_msgs/msg/EmptyActionFeedback.lisp
Symlinking /home/miguel/ws/cpswarm_server/devel/share/common-lisp/ros/cpswarm_msgs/msg/EmptyGoal.lisp
Symlinking /home/miguel/ws/cpswarm_server/devel/share/common-lisp/ros/cpswarm_msgs/msg/_package_TargetTracking.lisp
Symlinking /home/miguel/ws/cpswarm_server/devel/share/common-lisp/ros/cpswarm_msgs/msg/_package_Velocity.lisp
Symlinking /home/miguel/ws/cpswarm_server/devel/share/common-lisp/ros/cpswarm_msgs/msg/TargetResult.lisp
Symlinking /home/miguel/ws/cpswarm_server/devel/share/common-lisp/ros/cpswarm_msgs/msg/_package_TargetResult.lisp
Symlinking /home/miguel/ws/cpswarm_server/devel/share/common-lisp/ros/cpswarm_msgs/msg/Vector.lisp
Symlinking /home/miguel/ws/cpswarm_server/devel/share/common-lisp/ros/cpswarm_msgs/msg/CoverageFeedback.lisp
Symlinking /home/miguel/ws/cpswarm_server/devel/share/common-lisp/ros/cpswarm_msgs/msg/TaskAllocationActionGoal.lisp
Symlinking /home/miguel/ws/cpswarm_server/devel/share/common-lisp/ros/cpswarm_msgs/msg/_package_PickAndPlaceGoal.lisp
Symlinking /home/miguel/ws/cpswarm_server/devel/share/common-lisp/ros/cpswarm_msgs/msg/TaskAllocationGoal.lisp
Symlinking /home/miguel/ws/cpswarm_server/devel/share/common-lisp/ros/cpswarm_msgs/msg/EmptyActionResult.lisp
Symlinking /home/miguel/ws/cpswarm_server/devel/share/common-lisp/ros/cpswarm_msgs/msg/_package_PickAndPlaceResult.lisp
Symlinking /home/miguel/ws/cpswarm_server/devel/share/common-lisp/ros/cpswarm_msgs/msg/TaskAllocationEvent.lisp
Symlinking /home/miguel/ws/cpswarm_server/devel/share/common-lisp/ros/cpswarm_msgs/msg/TrackingGoal.lisp
Symlinking /home/miguel/ws/cpswarm_server/devel/share/common-lisp/ros/cpswarm_msgs/msg/_package_TrackingActionFeedback.lisp
Symlinking /home/miguel/ws/cpswarm_server/devel/share/common-lisp/ros/cpswarm_msgs/msg/_package_TrackingFeedback.lisp
Symlinking /home/miguel/ws/cpswarm_server/devel/share/common-lisp/ros/cpswarm_msgs/msg/_package_TargetActionResult.lisp
Symlinking /home/miguel/ws/cpswarm_server/devel/share/common-lisp/ros/cpswarm_msgs/msg/_package_EmptyFeedback.lisp
Symlinking /home/miguel/ws/cpswarm_server/devel/share/common-lisp/ros/cpswarm_msgs/msg/TaskAllocationAction.lisp
Symlinking /home/miguel/ws/cpswarm_server/devel/share/common-lisp/ros/cpswarm_msgs/msg/cpswarm_msgs-msg.asd
Symlinking /home/miguel/ws/cpswarm_server/devel/share/common-lisp/ros/cpswarm_msgs/msg/_package_TaskAllocationActionResult.lisp
Symlinking /home/miguel/ws/cpswarm_server/devel/share/common-lisp/ros/cpswarm_msgs/msg/VectorStamped.lisp
Symlinking /home/miguel/ws/cpswarm_server/devel/share/common-lisp/ros/cpswarm_msgs/msg/_package_VectorStamped.lisp
Symlinking /home/miguel/ws/cpswarm_server/devel/share/common-lisp/ros/cpswarm_msgs/msg/TargetAction.lisp
Symlinking /home/miguel/ws/cpswarm_server/devel/share/common-lisp/ros/cpswarm_msgs/msg/_package_EmptyAction.lisp
Symlinking /home/miguel/ws/cpswarm_server/devel/share/common-lisp/ros/cpswarm_msgs/msg/CoverageGoal.lisp
Symlinking /home/miguel/ws/cpswarm_server/devel/share/common-lisp/ros/cpswarm_msgs/msg/Position.lisp
Symlinking /home/miguel/ws/cpswarm_server/devel/share/common-lisp/ros/cpswarm_msgs/msg/_package_TrackingGoal.lisp
Symlinking /home/miguel/ws/cpswarm_server/devel/share/common-lisp/ros/cpswarm_msgs/msg/_package_NewCartEvent.lisp
Symlinking /home/miguel/ws/cpswarm_server/devel/share/common-lisp/ros/cpswarm_msgs/msg/EmptyAction.lisp
Symlinking /home/miguel/ws/cpswarm_server/devel/share/common-lisp/ros/cpswarm_msgs/msg/StateEvent.lisp
Symlinking /home/miguel/ws/cpswarm_server/devel/share/common-lisp/ros/cpswarm_msgs/msg/ArrayOfVectors.lisp
Symlinking /home/miguel/ws/cpswarm_server/devel/share/common-lisp/ros/cpswarm_msgs/msg/_package_CoverageActionFeedback.lisp
Symlinking /home/miguel/ws/cpswarm_server/devel/share/common-lisp/ros/cpswarm_msgs/msg/_package_TargetActionGoal.lisp
Symlinking /home/miguel/ws/cpswarm_server/devel/share/common-lisp/ros/cpswarm_msgs/msg/CartKnownEvent.lisp
Symlinking /home/miguel/ws/cpswarm_server/devel/share/common-lisp/ros/cpswarm_msgs/msg/TargetTracking.lisp
Symlinking /home/miguel/ws/cpswarm_server/devel/share/common-lisp/ros/cpswarm_msgs/msg/CoverageActionResult.lisp
Symlinking /home/miguel/ws/cpswarm_server/devel/share/common-lisp/ros/cpswarm_msgs/msg/PickAndPlaceActionFeedback.lisp
Symlinking /home/miguel/ws/cpswarm_server/devel/share/common-lisp/ros/cpswarm_msgs/msg/_package_TargetAction.lisp
Symlinking /home/miguel/ws/cpswarm_server/devel/share/common-lisp/ros/cpswarm_msgs/msg/PickAndPlaceFeedback.lisp
Symlinking /home/miguel/ws/cpswarm_server/devel/share/common-lisp/ros/cpswarm_msgs/msg/EmptyResult.lisp
Symlinking /home/miguel/ws/cpswarm_server/devel/share/common-lisp/ros/cpswarm_msgs/msg/_package_CoverageResult.lisp
Symlinking /home/miguel/ws/cpswarm_server/devel/share/common-lisp/ros/cpswarm_msgs/msg/AreaDivisionEvent.lisp
Symlinking /home/miguel/ws/cpswarm_server/devel/share/common-lisp/ros/cpswarm_msgs/msg/TargetFeedback.lisp
Symlinking /home/miguel/ws/cpswarm_server/devel/share/common-lisp/ros/cpswarm_msgs/msg/_package_TargetActionFeedback.lisp
Symlinking /home/miguel/ws/cpswarm_server/devel/share/common-lisp/ros/cpswarm_msgs/msg/_package.lisp
Symlinking /home/miguel/ws/cpswarm_server/devel/share/common-lisp/ros/cpswarm_msgs/msg/_package_Vector.lisp
Symlinking /home/miguel/ws/cpswarm_server/devel/share/common-lisp/ros/cpswarm_msgs/msg/_package_TaskAllocationActionGoal.lisp
Symlinking /home/miguel/ws/cpswarm_server/devel/share/common-lisp/ros/cpswarm_msgs/msg/_package_TargetFeedback.lisp
Symlinking /home/miguel/ws/cpswarm_server/devel/share/common-lisp/ros/cpswarm_msgs/msg/_package_TrackingResult.lisp
Symlinking /home/miguel/ws/cpswarm_server/devel/share/common-lisp/ros/cpswarm_msgs/msg/_package_PickAndPlaceFeedback.lisp
Symlinking /home/miguel/ws/cpswarm_server/devel/share/common-lisp/ros/cpswarm_msgs/msg/_package_CoverageFeedback.lisp
Symlinking /home/miguel/ws/cpswarm_server/devel/share/common-lisp/ros/cpswarm_msgs/msg/TaskAllocationResult.lisp
Symlinking /home/miguel/ws/cpswarm_server/devel/share/common-lisp/ros/cpswarm_msgs/msg/_package_CoverageActionGoal.lisp
Symlinking /home/miguel/ws/cpswarm_server/devel/share/common-lisp/ros/cpswarm_msgs/msg/Velocity.lisp
Symlinking /home/miguel/ws/cpswarm_server/devel/share/common-lisp/ros/cpswarm_msgs/msg/_package_ArrayOfVectors.lisp
Symlinking /home/miguel/ws/cpswarm_server/devel/share/common-lisp/ros/cpswarm_msgs/msg/TaskAllocationActionResult.lisp
Symlinking /home/miguel/ws/cpswarm_server/devel/share/common-lisp/ros/cpswarm_msgs/msg/CoverageActionFeedback.lisp
Symlinking /home/miguel/ws/cpswarm_server/devel/share/common-lisp/ros/cpswarm_msgs/msg/_package_EmptyActionResult.lisp
Symlinking /home/miguel/ws/cpswarm_server/devel/share/common-lisp/ros/cpswarm_msgs/msg/_package_TaskAllocationAction.lisp
Symlinking /home/miguel/ws/cpswarm_server/devel/share/common-lisp/ros/cpswarm_msgs/msg/_package_TrackingAction.lisp
Symlinking /home/miguel/ws/cpswarm_server/devel/share/common-lisp/ros/cpswarm_msgs/msg/_package_CoverageAction.lisp
Symlinking /home/miguel/ws/cpswarm_server/devel/share/common-lisp/ros/cpswarm_msgs/msg/_package_TaskAllocationEvent.lisp
Symlinking /home/miguel/ws/cpswarm_server/devel/share/common-lisp/ros/cpswarm_msgs/msg/TaskAllocatedEvent.lisp
Symlinking /home/miguel/ws/cpswarm_server/devel/share/common-lisp/ros/cpswarm_msgs/msg/PickAndPlaceGoal.lisp
Symlinking /home/miguel/ws/cpswarm_server/devel/share/common-lisp/ros/cpswarm_msgs/msg/_package_TaskAllocationGoal.lisp
Symlinking /home/miguel/ws/cpswarm_server/devel/share/common-lisp/ros/cpswarm_msgs/msg/_package_TaskAllocationFeedback.lisp
Symlinking /home/miguel/ws/cpswarm_server/devel/share/common-lisp/ros/cpswarm_msgs/msg/_package_PickAndPlaceActionFeedback.lisp
Symlinking /home/miguel/ws/cpswarm_server/devel/share/common-lisp/ros/cpswarm_msgs/msg/_package_TargetPositionEvent.lisp
Symlinking /home/miguel/ws/cpswarm_server/devel/share/common-lisp/ros/cpswarm_msgs/msg/TargetActionGoal.lisp
Symlinking /home/miguel/ws/cpswarm_server/devel/share/common-lisp/ros/cpswarm_msgs/msg/TargetPositionEvent.lisp
Symlinking /home/miguel/ws/cpswarm_server/devel/share/common-lisp/ros/cpswarm_msgs/msg/_package_CartKnownEvent.lisp
Symlinking /home/miguel/ws/cpswarm_server/devel/share/common-lisp/ros/cpswarm_msgs/msg/TargetActionFeedback.lisp
Symlinking /home/miguel/ws/cpswarm_server/devel/share/common-lisp/ros/cpswarm_msgs/msg/TrackingActionGoal.lisp
Symlinking /home/miguel/ws/cpswarm_server/devel/share/common-lisp/ros/cpswarm_msgs/msg/_package_TrackingActionGoal.lisp
Symlinking /home/miguel/ws/cpswarm_server/devel/share/common-lisp/ros/cpswarm_msgs/msg/TrackingResult.lisp
Symlinking /home/miguel/ws/cpswarm_server/devel/share/common-lisp/ros/cpswarm_msgs/msg/TrackingActionFeedback.lisp
Symlinking /home/miguel/ws/cpswarm_server/devel/share/common-lisp/ros/cpswarm_msgs/msg/_package_PickAndPlaceAction.lisp
Symlinking /home/miguel/ws/cpswarm_server/devel/share/common-lisp/ros/cpswarm_msgs/msg/PickAndPlaceAction.lisp
Symlinking /home/miguel/ws/cpswarm_server/devel/share/common-lisp/ros/cpswarm_msgs/msg/PickAndPlaceActionGoal.lisp
Symlinking /home/miguel/ws/cpswarm_server/devel/share/common-lisp/ros/cpswarm_msgs/msg/CoverageResult.lisp
Symlinking /home/miguel/ws/cpswarm_server/devel/share/common-lisp/ros/cpswarm_msgs/msg/_package_EmptyGoal.lisp
Symlinking /home/miguel/ws/cpswarm_server/devel/share/common-lisp/ros/cpswarm_msgs/msg/_package_StateEvent.lisp
Symlinking /home/miguel/ws/cpswarm_server/devel/share/common-lisp/ros/cpswarm_msgs/msg/TrackingAction.lisp
Symlinking /home/miguel/ws/cpswarm_server/devel/share/common-lisp/ros/cpswarm_msgs/msg/_package_EmptyActionFeedback.lisp
Symlinking /home/miguel/ws/cpswarm_server/devel/share/common-lisp/ros/cpswarm_msgs/msg/_package_CurrentState.lisp
Symlinking /home/miguel/ws/cpswarm_server/devel/share/common-lisp/ros/cpswarm_msgs/msg/_package_TargetGoal.lisp
Symlinking /home/miguel/ws/cpswarm_server/devel/share/common-lisp/ros/cpswarm_msgs/msg/_package_TaskAllocationActionFeedback.lisp
Symlinking /home/miguel/ws/cpswarm_server/devel/share/common-lisp/ros/cpswarm_msgs/msg/TaskAllocationActionFeedback.lisp
Symlinking /home/miguel/ws/cpswarm_server/devel/share/common-lisp/ros/cpswarm_msgs/msg/CoverageActionGoal.lisp
Symlinking /home/miguel/ws/cpswarm_server/devel/share/common-lisp/ros/cpswarm_msgs/msg/TaskAllocationFeedback.lisp
Symlinking /home/miguel/ws/cpswarm_server/devel/share/common-lisp/ros/cpswarm_msgs/msg/NewCartEvent.lisp
Symlinking /home/miguel/ws/cpswarm_server/devel/share/common-lisp/ros/cpswarm_msgs/msg/CurrentState.lisp
Symlinking /home/miguel/ws/cpswarm_server/devel/share/common-lisp/ros/cpswarm_msgs/msg/EmptyFeedback.lisp
Symlinking /home/miguel/ws/cpswarm_server/devel/share/common-lisp/ros/cpswarm_msgs/srv/_package_GetDouble.lisp
Symlinking /home/miguel/ws/cpswarm_server/devel/share/common-lisp/ros/cpswarm_msgs/srv/FixToPose.lisp
Symlinking /home/miguel/ws/cpswarm_server/devel/share/common-lisp/ros/cpswarm_msgs/srv/GetWaypoint.lisp
Symlinking /home/miguel/ws/cpswarm_server/devel/share/common-lisp/ros/cpswarm_msgs/srv/_package_GetPoint.lisp
Symlinking /home/miguel/ws/cpswarm_server/devel/share/common-lisp/ros/cpswarm_msgs/srv/_package_OutOfBounds.lisp
Symlinking /home/miguel/ws/cpswarm_server/devel/share/common-lisp/ros/cpswarm_msgs/srv/_package_NedToEnu.lisp
Symlinking /home/miguel/ws/cpswarm_server/devel/share/common-lisp/ros/cpswarm_msgs/srv/_package_PoseToFix.lisp
Symlinking /home/miguel/ws/cpswarm_server/devel/share/common-lisp/ros/cpswarm_msgs/srv/ClosestBound.lisp
Symlinking /home/miguel/ws/cpswarm_server/devel/share/common-lisp/ros/cpswarm_msgs/srv/_package_GetSector.lisp
Symlinking /home/miguel/ws/cpswarm_server/devel/share/common-lisp/ros/cpswarm_msgs/srv/_package_GetVector.lisp
Symlinking /home/miguel/ws/cpswarm_server/devel/share/common-lisp/ros/cpswarm_msgs/srv/GetDouble.lisp
Symlinking /home/miguel/ws/cpswarm_server/devel/share/common-lisp/ros/cpswarm_msgs/srv/_package_Danger.lisp
Symlinking /home/miguel/ws/cpswarm_server/devel/share/common-lisp/ros/cpswarm_msgs/srv/_package_ClearOfObstacles.lisp
Symlinking /home/miguel/ws/cpswarm_server/devel/share/common-lisp/ros/cpswarm_msgs/srv/GetPoint.lisp
Symlinking /home/miguel/ws/cpswarm_server/devel/share/common-lisp/ros/cpswarm_msgs/srv/Danger.lisp
Symlinking /home/miguel/ws/cpswarm_server/devel/share/common-lisp/ros/cpswarm_msgs/srv/_package_FixToPose.lisp
Symlinking /home/miguel/ws/cpswarm_server/devel/share/common-lisp/ros/cpswarm_msgs/srv/GetSector.lisp
Symlinking /home/miguel/ws/cpswarm_server/devel/share/common-lisp/ros/cpswarm_msgs/srv/OutOfBounds.lisp
Symlinking /home/miguel/ws/cpswarm_server/devel/share/common-lisp/ros/cpswarm_msgs/srv/_package_GetWaypoint.lisp
Symlinking /home/miguel/ws/cpswarm_server/devel/share/common-lisp/ros/cpswarm_msgs/srv/ClearOfObstacles.lisp
Symlinking /home/miguel/ws/cpswarm_server/devel/share/common-lisp/ros/cpswarm_msgs/srv/_package.lisp
Symlinking /home/miguel/ws/cpswarm_server/devel/share/common-lisp/ros/cpswarm_msgs/srv/NedToEnu.lisp
Symlinking /home/miguel/ws/cpswarm_server/devel/share/common-lisp/ros/cpswarm_msgs/srv/_package_GetGpsFix.lisp
Symlinking /home/miguel/ws/cpswarm_server/devel/share/common-lisp/ros/cpswarm_msgs/srv/GetPoints.lisp
Symlinking /home/miguel/ws/cpswarm_server/devel/share/common-lisp/ros/cpswarm_msgs/srv/GetGpsFix.lisp
Symlinking /home/miguel/ws/cpswarm_server/devel/share/common-lisp/ros/cpswarm_msgs/srv/PoseToFix.lisp
Symlinking /home/miguel/ws/cpswarm_server/devel/share/common-lisp/ros/cpswarm_msgs/srv/cpswarm_msgs-srv.asd
Symlinking /home/miguel/ws/cpswarm_server/devel/share/common-lisp/ros/cpswarm_msgs/srv/GetVector.lisp
Symlinking /home/miguel/ws/cpswarm_server/devel/share/common-lisp/ros/cpswarm_msgs/srv/_package_GetPoints.lisp
Symlinking /home/miguel/ws/cpswarm_server/devel/share/common-lisp/ros/cpswarm_msgs/srv/_package_ClosestBound.lisp
Symlinking /home/miguel/ws/cpswarm_server/devel/share/roseus/ros/cpswarm_msgs/manifest.l
Symlinking /home/miguel/ws/cpswarm_server/devel/share/roseus/ros/cpswarm_msgs/msg/PickAndPlaceResult.l
Symlinking /home/miguel/ws/cpswarm_server/devel/share/roseus/ros/cpswarm_msgs/msg/PickAndPlaceGoal.l
Symlinking /home/miguel/ws/cpswarm_server/devel/share/roseus/ros/cpswarm_msgs/msg/PickAndPlaceActionResult.l
Symlinking /home/miguel/ws/cpswarm_server/devel/share/roseus/ros/cpswarm_msgs/msg/TargetPositionEvent.l
Symlinking /home/miguel/ws/cpswarm_server/devel/share/roseus/ros/cpswarm_msgs/msg/VectorStamped.l
Symlinking /home/miguel/ws/cpswarm_server/devel/share/roseus/ros/cpswarm_msgs/msg/PickAndPlaceAction.l
Symlinking /home/miguel/ws/cpswarm_server/devel/share/roseus/ros/cpswarm_msgs/msg/TrackingGoal.l
Symlinking /home/miguel/ws/cpswarm_server/devel/share/roseus/ros/cpswarm_msgs/msg/TaskAllocationFeedback.l
Symlinking /home/miguel/ws/cpswarm_server/devel/share/roseus/ros/cpswarm_msgs/msg/TargetResult.l
Symlinking /home/miguel/ws/cpswarm_server/devel/share/roseus/ros/cpswarm_msgs/msg/EmptyAction.l
Symlinking /home/miguel/ws/cpswarm_server/devel/share/roseus/ros/cpswarm_msgs/msg/TargetActionGoal.l
Symlinking /home/miguel/ws/cpswarm_server/devel/share/roseus/ros/cpswarm_msgs/msg/TaskAllocationGoal.l
Symlinking /home/miguel/ws/cpswarm_server/devel/share/roseus/ros/cpswarm_msgs/msg/CoverageResult.l
Symlinking /home/miguel/ws/cpswarm_server/devel/share/roseus/ros/cpswarm_msgs/msg/TaskAllocationAction.l
Symlinking /home/miguel/ws/cpswarm_server/devel/share/roseus/ros/cpswarm_msgs/msg/TargetAction.l
Symlinking /home/miguel/ws/cpswarm_server/devel/share/roseus/ros/cpswarm_msgs/msg/PickAndPlaceActionFeedback.l
Symlinking /home/miguel/ws/cpswarm_server/devel/share/roseus/ros/cpswarm_msgs/msg/EmptyActionGoal.l
Symlinking /home/miguel/ws/cpswarm_server/devel/share/roseus/ros/cpswarm_msgs/msg/EmptyFeedback.l
Symlinking /home/miguel/ws/cpswarm_server/devel/share/roseus/ros/cpswarm_msgs/msg/NewCartEvent.l
Symlinking /home/miguel/ws/cpswarm_server/devel/share/roseus/ros/cpswarm_msgs/msg/CartKnownEvent.l
Symlinking /home/miguel/ws/cpswarm_server/devel/share/roseus/ros/cpswarm_msgs/msg/CoverageAction.l
Symlinking /home/miguel/ws/cpswarm_server/devel/share/roseus/ros/cpswarm_msgs/msg/Position.l
Symlinking /home/miguel/ws/cpswarm_server/devel/share/roseus/ros/cpswarm_msgs/msg/CoverageActionFeedback.l
Symlinking /home/miguel/ws/cpswarm_server/devel/share/roseus/ros/cpswarm_msgs/msg/ArrayOfPositions.l
Symlinking /home/miguel/ws/cpswarm_server/devel/share/roseus/ros/cpswarm_msgs/msg/TrackingResult.l
Symlinking /home/miguel/ws/cpswarm_server/devel/share/roseus/ros/cpswarm_msgs/msg/TaskAllocationActionFeedback.l
Symlinking /home/miguel/ws/cpswarm_server/devel/share/roseus/ros/cpswarm_msgs/msg/CoverageFeedback.l
Symlinking /home/miguel/ws/cpswarm_server/devel/share/roseus/ros/cpswarm_msgs/msg/TaskAllocationActionGoal.l
Symlinking /home/miguel/ws/cpswarm_server/devel/share/roseus/ros/cpswarm_msgs/msg/AreaDivisionEvent.l
Symlinking /home/miguel/ws/cpswarm_server/devel/share/roseus/ros/cpswarm_msgs/msg/CoverageActionGoal.l
Symlinking /home/miguel/ws/cpswarm_server/devel/share/roseus/ros/cpswarm_msgs/msg/ArrayOfVectors.l
Symlinking /home/miguel/ws/cpswarm_server/devel/share/roseus/ros/cpswarm_msgs/msg/ArrayOfStates.l
Symlinking /home/miguel/ws/cpswarm_server/devel/share/roseus/ros/cpswarm_msgs/msg/TargetTracking.l
Symlinking /home/miguel/ws/cpswarm_server/devel/share/roseus/ros/cpswarm_msgs/msg/TargetActionResult.l
Symlinking /home/miguel/ws/cpswarm_server/devel/share/roseus/ros/cpswarm_msgs/msg/EmptyActionFeedback.l
Symlinking /home/miguel/ws/cpswarm_server/devel/share/roseus/ros/cpswarm_msgs/msg/TrackingActionFeedback.l
Symlinking /home/miguel/ws/cpswarm_server/devel/share/roseus/ros/cpswarm_msgs/msg/TaskAllocationEvent.l
Symlinking /home/miguel/ws/cpswarm_server/devel/share/roseus/ros/cpswarm_msgs/msg/Velocity.l
Symlinking /home/miguel/ws/cpswarm_server/devel/share/roseus/ros/cpswarm_msgs/msg/TrackingActionResult.l
Symlinking /home/miguel/ws/cpswarm_server/devel/share/roseus/ros/cpswarm_msgs/msg/CoverageGoal.l
Symlinking /home/miguel/ws/cpswarm_server/devel/share/roseus/ros/cpswarm_msgs/msg/EmptyResult.l
Symlinking /home/miguel/ws/cpswarm_server/devel/share/roseus/ros/cpswarm_msgs/msg/TargetGoal.l
Symlinking /home/miguel/ws/cpswarm_server/devel/share/roseus/ros/cpswarm_msgs/msg/TargetActionFeedback.l
Symlinking /home/miguel/ws/cpswarm_server/devel/share/roseus/ros/cpswarm_msgs/msg/EmptyActionResult.l
Symlinking /home/miguel/ws/cpswarm_server/devel/share/roseus/ros/cpswarm_msgs/msg/CoverageActionResult.l
Symlinking /home/miguel/ws/cpswarm_server/devel/share/roseus/ros/cpswarm_msgs/msg/TaskAllocationActionResult.l
Symlinking /home/miguel/ws/cpswarm_server/devel/share/roseus/ros/cpswarm_msgs/msg/Vector.l
Symlinking /home/miguel/ws/cpswarm_server/devel/share/roseus/ros/cpswarm_msgs/msg/TrackingActionGoal.l
Symlinking /home/miguel/ws/cpswarm_server/devel/share/roseus/ros/cpswarm_msgs/msg/TaskAllocationResult.l
Symlinking /home/miguel/ws/cpswarm_server/devel/share/roseus/ros/cpswarm_msgs/msg/EmptyGoal.l
Symlinking /home/miguel/ws/cpswarm_server/devel/share/roseus/ros/cpswarm_msgs/msg/TrackingAction.l
Symlinking /home/miguel/ws/cpswarm_server/devel/share/roseus/ros/cpswarm_msgs/msg/StateEvent.l
Symlinking /home/miguel/ws/cpswarm_server/devel/share/roseus/ros/cpswarm_msgs/msg/TaskAllocatedEvent.l
Symlinking /home/miguel/ws/cpswarm_server/devel/share/roseus/ros/cpswarm_msgs/msg/CurrentState.l
Symlinking /home/miguel/ws/cpswarm_server/devel/share/roseus/ros/cpswarm_msgs/msg/TargetFeedback.l
Symlinking /home/miguel/ws/cpswarm_server/devel/share/roseus/ros/cpswarm_msgs/msg/PickAndPlaceActionGoal.l
Symlinking /home/miguel/ws/cpswarm_server/devel/share/roseus/ros/cpswarm_msgs/msg/PickAndPlaceFeedback.l
Symlinking /home/miguel/ws/cpswarm_server/devel/share/roseus/ros/cpswarm_msgs/msg/TrackingFeedback.l
Symlinking /home/miguel/ws/cpswarm_server/devel/share/roseus/ros/cpswarm_msgs/srv/GetWaypoint.l
Symlinking /home/miguel/ws/cpswarm_server/devel/share/roseus/ros/cpswarm_msgs/srv/GetDouble.l
Symlinking /home/miguel/ws/cpswarm_server/devel/share/roseus/ros/cpswarm_msgs/srv/NedToEnu.l
Symlinking /home/miguel/ws/cpswarm_server/devel/share/roseus/ros/cpswarm_msgs/srv/PoseToFix.l
Symlinking /home/miguel/ws/cpswarm_server/devel/share/roseus/ros/cpswarm_msgs/srv/GetSector.l
Symlinking /home/miguel/ws/cpswarm_server/devel/share/roseus/ros/cpswarm_msgs/srv/ClosestBound.l
Symlinking /home/miguel/ws/cpswarm_server/devel/share/roseus/ros/cpswarm_msgs/srv/GetVector.l
Symlinking /home/miguel/ws/cpswarm_server/devel/share/roseus/ros/cpswarm_msgs/srv/GetPoints.l
Symlinking /home/miguel/ws/cpswarm_server/devel/share/roseus/ros/cpswarm_msgs/srv/FixToPose.l
Symlinking /home/miguel/ws/cpswarm_server/devel/share/roseus/ros/cpswarm_msgs/srv/GetGpsFix.l
Symlinking /home/miguel/ws/cpswarm_server/devel/share/roseus/ros/cpswarm_msgs/srv/ClearOfObstacles.l
Symlinking /home/miguel/ws/cpswarm_server/devel/share/roseus/ros/cpswarm_msgs/srv/GetPoint.l
Symlinking /home/miguel/ws/cpswarm_server/devel/share/roseus/ros/cpswarm_msgs/srv/OutOfBounds.l
Symlinking /home/miguel/ws/cpswarm_server/devel/share/roseus/ros/cpswarm_msgs/srv/Danger.l
Symlinking /home/miguel/ws/cpswarm_server/devel/share/gennodejs/ros/cpswarm_msgs/_index.js
Symlinking /home/miguel/ws/cpswarm_server/devel/share/gennodejs/ros/cpswarm_msgs/msg/PickAndPlaceActionFeedback.js
Symlinking /home/miguel/ws/cpswarm_server/devel/share/gennodejs/ros/cpswarm_msgs/msg/ArrayOfVectors.js
Symlinking /home/miguel/ws/cpswarm_server/devel/share/gennodejs/ros/cpswarm_msgs/msg/TaskAllocationActionGoal.js
Symlinking /home/miguel/ws/cpswarm_server/devel/share/gennodejs/ros/cpswarm_msgs/msg/EmptyAction.js
Symlinking /home/miguel/ws/cpswarm_server/devel/share/gennodejs/ros/cpswarm_msgs/msg/PickAndPlaceGoal.js
Symlinking /home/miguel/ws/cpswarm_server/devel/share/gennodejs/ros/cpswarm_msgs/msg/TargetActionGoal.js
Symlinking /home/miguel/ws/cpswarm_server/devel/share/gennodejs/ros/cpswarm_msgs/msg/EmptyActionFeedback.js
Symlinking /home/miguel/ws/cpswarm_server/devel/share/gennodejs/ros/cpswarm_msgs/msg/CoverageGoal.js
Symlinking /home/miguel/ws/cpswarm_server/devel/share/gennodejs/ros/cpswarm_msgs/msg/EmptyResult.js
Symlinking /home/miguel/ws/cpswarm_server/devel/share/gennodejs/ros/cpswarm_msgs/msg/NewCartEvent.js
Symlinking /home/miguel/ws/cpswarm_server/devel/share/gennodejs/ros/cpswarm_msgs/msg/TaskAllocationFeedback.js
Symlinking /home/miguel/ws/cpswarm_server/devel/share/gennodejs/ros/cpswarm_msgs/msg/TaskAllocationResult.js
Symlinking /home/miguel/ws/cpswarm_server/devel/share/gennodejs/ros/cpswarm_msgs/msg/EmptyGoal.js
Symlinking /home/miguel/ws/cpswarm_server/devel/share/gennodejs/ros/cpswarm_msgs/msg/CoverageFeedback.js
Symlinking /home/miguel/ws/cpswarm_server/devel/share/gennodejs/ros/cpswarm_msgs/msg/TaskAllocationGoal.js
Symlinking /home/miguel/ws/cpswarm_server/devel/share/gennodejs/ros/cpswarm_msgs/msg/Vector.js
Symlinking /home/miguel/ws/cpswarm_server/devel/share/gennodejs/ros/cpswarm_msgs/msg/CartKnownEvent.js
Symlinking /home/miguel/ws/cpswarm_server/devel/share/gennodejs/ros/cpswarm_msgs/msg/TargetActionFeedback.js
Symlinking /home/miguel/ws/cpswarm_server/devel/share/gennodejs/ros/cpswarm_msgs/msg/TargetFeedback.js
Symlinking /home/miguel/ws/cpswarm_server/devel/share/gennodejs/ros/cpswarm_msgs/msg/VectorStamped.js
Symlinking /home/miguel/ws/cpswarm_server/devel/share/gennodejs/ros/cpswarm_msgs/msg/ArrayOfStates.js
Symlinking /home/miguel/ws/cpswarm_server/devel/share/gennodejs/ros/cpswarm_msgs/msg/EmptyFeedback.js
Symlinking /home/miguel/ws/cpswarm_server/devel/share/gennodejs/ros/cpswarm_msgs/msg/TrackingActionResult.js
Symlinking /home/miguel/ws/cpswarm_server/devel/share/gennodejs/ros/cpswarm_msgs/msg/_index.js
Symlinking /home/miguel/ws/cpswarm_server/devel/share/gennodejs/ros/cpswarm_msgs/msg/TaskAllocationActionResult.js
Symlinking /home/miguel/ws/cpswarm_server/devel/share/gennodejs/ros/cpswarm_msgs/msg/TrackingActionGoal.js
Symlinking /home/miguel/ws/cpswarm_server/devel/share/gennodejs/ros/cpswarm_msgs/msg/TargetAction.js
Symlinking /home/miguel/ws/cpswarm_server/devel/share/gennodejs/ros/cpswarm_msgs/msg/CoverageAction.js
Symlinking /home/miguel/ws/cpswarm_server/devel/share/gennodejs/ros/cpswarm_msgs/msg/TaskAllocatedEvent.js
Symlinking /home/miguel/ws/cpswarm_server/devel/share/gennodejs/ros/cpswarm_msgs/msg/StateEvent.js
Symlinking /home/miguel/ws/cpswarm_server/devel/share/gennodejs/ros/cpswarm_msgs/msg/TargetTracking.js
Symlinking /home/miguel/ws/cpswarm_server/devel/share/gennodejs/ros/cpswarm_msgs/msg/ArrayOfPositions.js
Symlinking /home/miguel/ws/cpswarm_server/devel/share/gennodejs/ros/cpswarm_msgs/msg/TaskAllocationEvent.js
Symlinking /home/miguel/ws/cpswarm_server/devel/share/gennodejs/ros/cpswarm_msgs/msg/TrackingGoal.js
Symlinking /home/miguel/ws/cpswarm_server/devel/share/gennodejs/ros/cpswarm_msgs/msg/Position.js
Symlinking /home/miguel/ws/cpswarm_server/devel/share/gennodejs/ros/cpswarm_msgs/msg/TargetActionResult.js
Symlinking /home/miguel/ws/cpswarm_server/devel/share/gennodejs/ros/cpswarm_msgs/msg/Velocity.js
Symlinking /home/miguel/ws/cpswarm_server/devel/share/gennodejs/ros/cpswarm_msgs/msg/PickAndPlaceActionResult.js
Symlinking /home/miguel/ws/cpswarm_server/devel/share/gennodejs/ros/cpswarm_msgs/msg/PickAndPlaceAction.js
Symlinking /home/miguel/ws/cpswarm_server/devel/share/gennodejs/ros/cpswarm_msgs/msg/TargetPositionEvent.js
Symlinking /home/miguel/ws/cpswarm_server/devel/share/gennodejs/ros/cpswarm_msgs/msg/PickAndPlaceResult.js
Symlinking /home/miguel/ws/cpswarm_server/devel/share/gennodejs/ros/cpswarm_msgs/msg/PickAndPlaceFeedback.js
Symlinking /home/miguel/ws/cpswarm_server/devel/share/gennodejs/ros/cpswarm_msgs/msg/AreaDivisionEvent.js
Symlinking /home/miguel/ws/cpswarm_server/devel/share/gennodejs/ros/cpswarm_msgs/msg/TargetGoal.js
Symlinking /home/miguel/ws/cpswarm_server/devel/share/gennodejs/ros/cpswarm_msgs/msg/CoverageResult.js
Symlinking /home/miguel/ws/cpswarm_server/devel/share/gennodejs/ros/cpswarm_msgs/msg/TrackingFeedback.js
Symlinking /home/miguel/ws/cpswarm_server/devel/share/gennodejs/ros/cpswarm_msgs/msg/TaskAllocationAction.js
Symlinking /home/miguel/ws/cpswarm_server/devel/share/gennodejs/ros/cpswarm_msgs/msg/EmptyActionResult.js
Symlinking /home/miguel/ws/cpswarm_server/devel/share/gennodejs/ros/cpswarm_msgs/msg/TrackingAction.js
Symlinking /home/miguel/ws/cpswarm_server/devel/share/gennodejs/ros/cpswarm_msgs/msg/TaskAllocationActionFeedback.js
Symlinking /home/miguel/ws/cpswarm_server/devel/share/gennodejs/ros/cpswarm_msgs/msg/TrackingResult.js
Symlinking /home/miguel/ws/cpswarm_server/devel/share/gennodejs/ros/cpswarm_msgs/msg/CoverageActionFeedback.js
Symlinking /home/miguel/ws/cpswarm_server/devel/share/gennodejs/ros/cpswarm_msgs/msg/CoverageActionResult.js
Symlinking /home/miguel/ws/cpswarm_server/devel/share/gennodejs/ros/cpswarm_msgs/msg/CurrentState.js
Symlinking /home/miguel/ws/cpswarm_server/devel/share/gennodejs/ros/cpswarm_msgs/msg/CoverageActionGoal.js
Symlinking /home/miguel/ws/cpswarm_server/devel/share/gennodejs/ros/cpswarm_msgs/msg/PickAndPlaceActionGoal.js
Symlinking /home/miguel/ws/cpswarm_server/devel/share/gennodejs/ros/cpswarm_msgs/msg/TrackingActionFeedback.js
Symlinking /home/miguel/ws/cpswarm_server/devel/share/gennodejs/ros/cpswarm_msgs/msg/TargetResult.js
Symlinking /home/miguel/ws/cpswarm_server/devel/share/gennodejs/ros/cpswarm_msgs/msg/EmptyActionGoal.js
Symlinking /home/miguel/ws/cpswarm_server/devel/share/gennodejs/ros/cpswarm_msgs/srv/Danger.js
Symlinking /home/miguel/ws/cpswarm_server/devel/share/gennodejs/ros/cpswarm_msgs/srv/NedToEnu.js
Symlinking /home/miguel/ws/cpswarm_server/devel/share/gennodejs/ros/cpswarm_msgs/srv/ClearOfObstacles.js
Symlinking /home/miguel/ws/cpswarm_server/devel/share/gennodejs/ros/cpswarm_msgs/srv/ClosestBound.js
Symlinking /home/miguel/ws/cpswarm_server/devel/share/gennodejs/ros/cpswarm_msgs/srv/PoseToFix.js
Symlinking /home/miguel/ws/cpswarm_server/devel/share/gennodejs/ros/cpswarm_msgs/srv/GetGpsFix.js
Symlinking /home/miguel/ws/cpswarm_server/devel/share/gennodejs/ros/cpswarm_msgs/srv/_index.js
Symlinking /home/miguel/ws/cpswarm_server/devel/share/gennodejs/ros/cpswarm_msgs/srv/FixToPose.js
Symlinking /home/miguel/ws/cpswarm_server/devel/share/gennodejs/ros/cpswarm_msgs/srv/GetSector.js
Symlinking /home/miguel/ws/cpswarm_server/devel/share/gennodejs/ros/cpswarm_msgs/srv/GetDouble.js
Symlinking /home/miguel/ws/cpswarm_server/devel/share/gennodejs/ros/cpswarm_msgs/srv/GetWaypoint.js
Symlinking /home/miguel/ws/cpswarm_server/devel/share/gennodejs/ros/cpswarm_msgs/srv/GetVector.js
Symlinking /home/miguel/ws/cpswarm_server/devel/share/gennodejs/ros/cpswarm_msgs/srv/GetPoints.js
Symlinking /home/miguel/ws/cpswarm_server/devel/share/gennodejs/ros/cpswarm_msgs/srv/OutOfBounds.js
Symlinking /home/miguel/ws/cpswarm_server/devel/share/gennodejs/ros/cpswarm_msgs/srv/GetPoint.js
Symlinking /home/miguel/ws/cpswarm_server/devel/include/cpswarm_msgs/TaskAllocationGoal.h
Symlinking /home/miguel/ws/cpswarm_server/devel/include/cpswarm_msgs/TargetResult.h
Symlinking /home/miguel/ws/cpswarm_server/devel/include/cpswarm_msgs/TaskAllocationFeedback.h
Symlinking /home/miguel/ws/cpswarm_server/devel/include/cpswarm_msgs/EmptyAction.h
Symlinking /home/miguel/ws/cpswarm_server/devel/include/cpswarm_msgs/GetSector.h
Symlinking /home/miguel/ws/cpswarm_server/devel/include/cpswarm_msgs/TargetActionFeedback.h
Symlinking /home/miguel/ws/cpswarm_server/devel/include/cpswarm_msgs/TargetActionGoal.h
Symlinking /home/miguel/ws/cpswarm_server/devel/include/cpswarm_msgs/GetDouble.h
Symlinking /home/miguel/ws/cpswarm_server/devel/include/cpswarm_msgs/TrackingAction.h
Symlinking /home/miguel/ws/cpswarm_server/devel/include/cpswarm_msgs/TaskAllocationEvent.h
Symlinking /home/miguel/ws/cpswarm_server/devel/include/cpswarm_msgs/GetPointsRequest.h
Symlinking /home/miguel/ws/cpswarm_server/devel/include/cpswarm_msgs/TargetActionResult.h
Symlinking /home/miguel/ws/cpswarm_server/devel/include/cpswarm_msgs/TrackingActionFeedback.h
Symlinking /home/miguel/ws/cpswarm_server/devel/include/cpswarm_msgs/NedToEnuResponse.h
Symlinking /home/miguel/ws/cpswarm_server/devel/include/cpswarm_msgs/GetGpsFixRequest.h
Symlinking /home/miguel/ws/cpswarm_server/devel/include/cpswarm_msgs/ArrayOfVectors.h
Symlinking /home/miguel/ws/cpswarm_server/devel/include/cpswarm_msgs/ClearOfObstaclesRequest.h
Symlinking /home/miguel/ws/cpswarm_server/devel/include/cpswarm_msgs/TrackingActionGoal.h
Symlinking /home/miguel/ws/cpswarm_server/devel/include/cpswarm_msgs/TargetTracking.h
Symlinking /home/miguel/ws/cpswarm_server/devel/include/cpswarm_msgs/NedToEnu.h
Symlinking /home/miguel/ws/cpswarm_server/devel/include/cpswarm_msgs/TargetAction.h
Symlinking /home/miguel/ws/cpswarm_server/devel/include/cpswarm_msgs/DangerRequest.h
Symlinking /home/miguel/ws/cpswarm_server/devel/include/cpswarm_msgs/OutOfBounds.h
Symlinking /home/miguel/ws/cpswarm_server/devel/include/cpswarm_msgs/GetWaypoint.h
Symlinking /home/miguel/ws/cpswarm_server/devel/include/cpswarm_msgs/PickAndPlaceAction.h
Symlinking /home/miguel/ws/cpswarm_server/devel/include/cpswarm_msgs/PickAndPlaceActionResult.h
Symlinking /home/miguel/ws/cpswarm_server/devel/include/cpswarm_msgs/TargetPositionEvent.h
Symlinking /home/miguel/ws/cpswarm_server/devel/include/cpswarm_msgs/EmptyGoal.h
Symlinking /home/miguel/ws/cpswarm_server/devel/include/cpswarm_msgs/PickAndPlaceGoal.h
Symlinking /home/miguel/ws/cpswarm_server/devel/include/cpswarm_msgs/GetVector.h
Symlinking /home/miguel/ws/cpswarm_server/devel/include/cpswarm_msgs/DangerResponse.h
Symlinking /home/miguel/ws/cpswarm_server/devel/include/cpswarm_msgs/GetSectorResponse.h
Symlinking /home/miguel/ws/cpswarm_server/devel/include/cpswarm_msgs/GetGpsFix.h
Symlinking /home/miguel/ws/cpswarm_server/devel/include/cpswarm_msgs/TaskAllocationResult.h
Symlinking /home/miguel/ws/cpswarm_server/devel/include/cpswarm_msgs/PickAndPlaceResult.h
Symlinking /home/miguel/ws/cpswarm_server/devel/include/cpswarm_msgs/AreaDivisionEvent.h
Symlinking /home/miguel/ws/cpswarm_server/devel/include/cpswarm_msgs/TrackingActionResult.h
Symlinking /home/miguel/ws/cpswarm_server/devel/include/cpswarm_msgs/GetPoint.h
Symlinking /home/miguel/ws/cpswarm_server/devel/include/cpswarm_msgs/GetSectorRequest.h
Symlinking /home/miguel/ws/cpswarm_server/devel/include/cpswarm_msgs/EmptyActionResult.h
Symlinking /home/miguel/ws/cpswarm_server/devel/include/cpswarm_msgs/CoverageGoal.h
Symlinking /home/miguel/ws/cpswarm_server/devel/include/cpswarm_msgs/CoverageResult.h
Symlinking /home/miguel/ws/cpswarm_server/devel/include/cpswarm_msgs/TrackingGoal.h
Symlinking /home/miguel/ws/cpswarm_server/devel/include/cpswarm_msgs/TargetFeedback.h
Symlinking /home/miguel/ws/cpswarm_server/devel/include/cpswarm_msgs/PoseToFixRequest.h
Symlinking /home/miguel/ws/cpswarm_server/devel/include/cpswarm_msgs/OutOfBoundsResponse.h
Symlinking /home/miguel/ws/cpswarm_server/devel/include/cpswarm_msgs/TaskAllocationActionResult.h
Symlinking /home/miguel/ws/cpswarm_server/devel/include/cpswarm_msgs/GetVectorResponse.h
Symlinking /home/miguel/ws/cpswarm_server/devel/include/cpswarm_msgs/PoseToFix.h
Symlinking /home/miguel/ws/cpswarm_server/devel/include/cpswarm_msgs/GetPointRequest.h
Symlinking /home/miguel/ws/cpswarm_server/devel/include/cpswarm_msgs/GetWaypointRequest.h
Symlinking /home/miguel/ws/cpswarm_server/devel/include/cpswarm_msgs/CoverageActionGoal.h
Symlinking /home/miguel/ws/cpswarm_server/devel/include/cpswarm_msgs/CoverageActionResult.h
Symlinking /home/miguel/ws/cpswarm_server/devel/include/cpswarm_msgs/GetDoubleRequest.h
Symlinking /home/miguel/ws/cpswarm_server/devel/include/cpswarm_msgs/Vector.h
Symlinking /home/miguel/ws/cpswarm_server/devel/include/cpswarm_msgs/VectorStamped.h
Symlinking /home/miguel/ws/cpswarm_server/devel/include/cpswarm_msgs/TaskAllocationActionFeedback.h
Symlinking /home/miguel/ws/cpswarm_server/devel/include/cpswarm_msgs/TrackingFeedback.h
Symlinking /home/miguel/ws/cpswarm_server/devel/include/cpswarm_msgs/GetDoubleResponse.h
Symlinking /home/miguel/ws/cpswarm_server/devel/include/cpswarm_msgs/Position.h
Symlinking /home/miguel/ws/cpswarm_server/devel/include/cpswarm_msgs/Velocity.h
Symlinking /home/miguel/ws/cpswarm_server/devel/include/cpswarm_msgs/EmptyFeedback.h
Symlinking /home/miguel/ws/cpswarm_server/devel/include/cpswarm_msgs/GetGpsFixResponse.h
Symlinking /home/miguel/ws/cpswarm_server/devel/include/cpswarm_msgs/NewCartEvent.h
Symlinking /home/miguel/ws/cpswarm_server/devel/include/cpswarm_msgs/ArrayOfPositions.h
Symlinking /home/miguel/ws/cpswarm_server/devel/include/cpswarm_msgs/FixToPose.h
Symlinking /home/miguel/ws/cpswarm_server/devel/include/cpswarm_msgs/PickAndPlaceActionFeedback.h
Symlinking /home/miguel/ws/cpswarm_server/devel/include/cpswarm_msgs/CoverageActionFeedback.h
Symlinking /home/miguel/ws/cpswarm_server/devel/include/cpswarm_msgs/Danger.h
Symlinking /home/miguel/ws/cpswarm_server/devel/include/cpswarm_msgs/TargetGoal.h
Symlinking /home/miguel/ws/cpswarm_server/devel/include/cpswarm_msgs/TaskAllocatedEvent.h
Symlinking /home/miguel/ws/cpswarm_server/devel/include/cpswarm_msgs/PickAndPlaceActionGoal.h
Symlinking /home/miguel/ws/cpswarm_server/devel/include/cpswarm_msgs/PickAndPlaceFeedback.h
Symlinking /home/miguel/ws/cpswarm_server/devel/include/cpswarm_msgs/TaskAllocationAction.h
Symlinking /home/miguel/ws/cpswarm_server/devel/include/cpswarm_msgs/CoverageAction.h
Symlinking /home/miguel/ws/cpswarm_server/devel/include/cpswarm_msgs/ClosestBoundResponse.h
Symlinking /home/miguel/ws/cpswarm_server/devel/include/cpswarm_msgs/ArrayOfStates.h
Symlinking /home/miguel/ws/cpswarm_server/devel/include/cpswarm_msgs/ClosestBound.h
Symlinking /home/miguel/ws/cpswarm_server/devel/include/cpswarm_msgs/EmptyActionGoal.h
Symlinking /home/miguel/ws/cpswarm_server/devel/include/cpswarm_msgs/ClearOfObstacles.h
Symlinking /home/miguel/ws/cpswarm_server/devel/include/cpswarm_msgs/FixToPoseRequest.h
Symlinking /home/miguel/ws/cpswarm_server/devel/include/cpswarm_msgs/GetPoints.h
Symlinking /home/miguel/ws/cpswarm_server/devel/include/cpswarm_msgs/ClosestBoundRequest.h
Symlinking /home/miguel/ws/cpswarm_server/devel/include/cpswarm_msgs/EmptyResult.h
Symlinking /home/miguel/ws/cpswarm_server/devel/include/cpswarm_msgs/CurrentState.h
Symlinking /home/miguel/ws/cpswarm_server/devel/include/cpswarm_msgs/GetPointResponse.h
Symlinking /home/miguel/ws/cpswarm_server/devel/include/cpswarm_msgs/OutOfBoundsRequest.h
Symlinking /home/miguel/ws/cpswarm_server/devel/include/cpswarm_msgs/CoverageFeedback.h
Symlinking /home/miguel/ws/cpswarm_server/devel/include/cpswarm_msgs/NedToEnuRequest.h
Symlinking /home/miguel/ws/cpswarm_server/devel/include/cpswarm_msgs/FixToPoseResponse.h
Symlinking /home/miguel/ws/cpswarm_server/devel/include/cpswarm_msgs/PoseToFixResponse.h
Symlinking /home/miguel/ws/cpswarm_server/devel/include/cpswarm_msgs/GetWaypointResponse.h
Symlinking /home/miguel/ws/cpswarm_server/devel/include/cpswarm_msgs/GetVectorRequest.h
Symlinking /home/miguel/ws/cpswarm_server/devel/include/cpswarm_msgs/ClearOfObstaclesResponse.h
Symlinking /home/miguel/ws/cpswarm_server/devel/include/cpswarm_msgs/TrackingResult.h
Symlinking /home/miguel/ws/cpswarm_server/devel/include/cpswarm_msgs/EmptyActionFeedback.h
Symlinking /home/miguel/ws/cpswarm_server/devel/include/cpswarm_msgs/StateEvent.h
Symlinking /home/miguel/ws/cpswarm_server/devel/include/cpswarm_msgs/TaskAllocationActionGoal.h
Symlinking /home/miguel/ws/cpswarm_server/devel/include/cpswarm_msgs/GetPointsResponse.h
Symlinking /home/miguel/ws/cpswarm_server/devel/include/cpswarm_msgs/CartKnownEvent.h
