[35m[1mScanning dependencies of target ros_plc_modbus[0m
[ 50%] [32mBuilding CXX object CMakeFiles/ros_plc_modbus.dir/src/ros_plc_modbus.cpp.o[0m
In file included from [01m[K/opt/ros/kinetic/include/ros/ros.h:40:0[m[K,
                 from [01m[K/home/miguel/ws/cpswarm_server/src/ros_plc_modbus/plc_modbus_node/src/ros_plc_modbus.cpp:5[m[K:
[01m[K/home/miguel/ws/cpswarm_server/src/ros_plc_modbus/plc_modbus_node/src/ros_plc_modbus.cpp:[m[K In member function ‘[01m[Kvoid plc_modbus_manager::regs_callBack(const ConstPtr&)[m[K’:
[01m[K/opt/ros/kinetic/include/ros/console.h:346:176:[m[K [01;35m[Kwarning: [m[Kformat ‘[01m[K%d[m[K’ expects argument of type ‘[01m[Kint[m[K’, but argument 8 has type ‘[01m[Kstd::vector<int>::size_type {aka long unsigned int}[m[K’ [[01;35m[K-Wformat=[m[K]
     ::ros::console::print(filter, __rosconsole_define_location__loc.logger_, __rosconsole_define_location__loc.level_, __FILE__, __LINE__, __ROSCONSOLE_FUNCTION__, __VA_ARGS__[01;35m[K)[m[K
                                                                                                                                                                                [01;35m[K^[m[K
[01m[K/opt/ros/kinetic/include/ros/console.h:349:5:[m[K [01;36m[Knote: [m[Kin expansion of macro ‘[01m[KROSCONSOLE_PRINT_AT_LOCATION_WITH_FILTER[m[K’
     [01;36m[KROSCONSOLE_PRINT_AT_LOCATION_WITH_FILTER[m[K(0, __VA_ARGS__)
     [01;36m[K^~~~~~~~~~~~~~~~~~~~~~~~~~~~~~~~~~~~~~~~[m[K
[01m[K/opt/ros/kinetic/include/ros/console.h:379:7:[m[K [01;36m[Knote: [m[Kin expansion of macro ‘[01m[KROSCONSOLE_PRINT_AT_LOCATION[m[K’
       [01;36m[KROSCONSOLE_PRINT_AT_LOCATION[m[K(__VA_ARGS__); \
       [01;36m[K^~~~~~~~~~~~~~~~~~~~~~~~~~~~[m[K
[01m[K/opt/ros/kinetic/include/ros/console.h:561:35:[m[K [01;36m[Knote: [m[Kin expansion of macro ‘[01m[KROS_LOG_COND[m[K’
 #define ROS_LOG(level, name, ...) [01;36m[KROS_LOG_COND[m[K(true, level, name, __VA_ARGS__)
                                   [01;36m[K^~~~~~~~~~~~[m[K
[01m[K/opt/ros/kinetic/include/rosconsole/macros_generated.h:214:24:[m[K [01;36m[Knote: [m[Kin expansion of macro ‘[01m[KROS_LOG[m[K’
 #define ROS_ERROR(...) [01;36m[KROS_LOG[m[K(::ros::console::levels::Error, ROSCONSOLE_DEFAULT_NAME, __VA_ARGS__)
                        [01;36m[K^~~~~~~[m[K
[01m[K/home/miguel/ws/cpswarm_server/src/ros_plc_modbus/plc_modbus_node/src/ros_plc_modbus.cpp:138:5:[m[K [01;36m[Knote: [m[Kin expansion of macro ‘[01m[KROS_ERROR[m[K’
     [01;36m[KR[m[KOS_ERROR("%d registers to write but only %d given!", regs_addr.size(), regs_data->data.size());
     [01;36m[K^[m[K
[01m[K/opt/ros/kinetic/include/ros/console.h:346:176:[m[K [01;35m[Kwarning: [m[Kformat ‘[01m[K%d[m[K’ expects argument of type ‘[01m[Kint[m[K’, but argument 9 has type ‘[01m[Kstd::vector<short unsigned int, std::allocator<short unsigned int> >::size_type {aka long unsigned int}[m[K’ [[01;35m[K-Wformat=[m[K]
     ::ros::console::print(filter, __rosconsole_define_location__loc.logger_, __rosconsole_define_location__loc.level_, __FILE__, __LINE__, __ROSCONSOLE_FUNCTION__, __VA_ARGS__[01;35m[K)[m[K
                                                                                                                                                                                [01;35m[K^[m[K
[01m[K/opt/ros/kinetic/include/ros/console.h:349:5:[m[K [01;36m[Knote: [m[Kin expansion of macro ‘[01m[KROSCONSOLE_PRINT_AT_LOCATION_WITH_FILTER[m[K’
     [01;36m[KROSCONSOLE_PRINT_AT_LOCATION_WITH_FILTER[m[K(0, __VA_ARGS__)
     [01;36m[K^~~~~~~~~~~~~~~~~~~~~~~~~~~~~~~~~~~~~~~~[m[K
[01m[K/opt/ros/kinetic/include/ros/console.h:379:7:[m[K [01;36m[Knote: [m[Kin expansion of macro ‘[01m[KROSCONSOLE_PRINT_AT_LOCATION[m[K’
       [01;36m[KROSCONSOLE_PRINT_AT_LOCATION[m[K(__VA_ARGS__); \
       [01;36m[K^~~~~~~~~~~~~~~~~~~~~~~~~~~~[m[K
[01m[K/opt/ros/kinetic/include/ros/console.h:561:35:[m[K [01;36m[Knote: [m[Kin expansion of macro ‘[01m[KROS_LOG_COND[m[K’
 #define ROS_LOG(level, name, ...) [01;36m[KROS_LOG_COND[m[K(true, level, name, __VA_ARGS__)
                                   [01;36m[K^~~~~~~~~~~~[m[K
[01m[K/opt/ros/kinetic/include/rosconsole/macros_generated.h:214:24:[m[K [01;36m[Knote: [m[Kin expansion of macro ‘[01m[KROS_LOG[m[K’
 #define ROS_ERROR(...) [01;36m[KROS_LOG[m[K(::ros::console::levels::Error, ROSCONSOLE_DEFAULT_NAME, __VA_ARGS__)
                        [01;36m[K^~~~~~~[m[K
[01m[K/home/miguel/ws/cpswarm_server/src/ros_plc_modbus/plc_modbus_node/src/ros_plc_modbus.cpp:138:5:[m[K [01;36m[Knote: [m[Kin expansion of macro ‘[01m[KROS_ERROR[m[K’
     [01;36m[KR[m[KOS_ERROR("%d registers to write but only %d given!", regs_addr.size(), regs_data->data.size());
     [01;36m[K^[m[K
[01m[K/home/miguel/ws/cpswarm_server/src/ros_plc_modbus/plc_modbus_node/src/ros_plc_modbus.cpp:[m[K In member function ‘[01m[Kvoid plc_modbus_manager::coils_callBack(const ConstPtr&)[m[K’:
[01m[K/opt/ros/kinetic/include/ros/console.h:346:176:[m[K [01;35m[Kwarning: [m[Kformat ‘[01m[K%d[m[K’ expects argument of type ‘[01m[Kint[m[K’, but argument 8 has type ‘[01m[Kstd::vector<int>::size_type {aka long unsigned int}[m[K’ [[01;35m[K-Wformat=[m[K]
     ::ros::console::print(filter, __rosconsole_define_location__loc.logger_, __rosconsole_define_location__loc.level_, __FILE__, __LINE__, __ROSCONSOLE_FUNCTION__, __VA_ARGS__[01;35m[K)[m[K
                                                                                                                                                                                [01;35m[K^[m[K
[01m[K/opt/ros/kinetic/include/ros/console.h:349:5:[m[K [01;36m[Knote: [m[Kin expansion of macro ‘[01m[KROSCONSOLE_PRINT_AT_LOCATION_WITH_FILTER[m[K’
     [01;36m[KROSCONSOLE_PRINT_AT_LOCATION_WITH_FILTER[m[K(0, __VA_ARGS__)
     [01;36m[K^~~~~~~~~~~~~~~~~~~~~~~~~~~~~~~~~~~~~~~~[m[K
[01m[K/opt/ros/kinetic/include/ros/console.h:379:7:[m[K [01;36m[Knote: [m[Kin expansion of macro ‘[01m[KROSCONSOLE_PRINT_AT_LOCATION[m[K’
       [01;36m[KROSCONSOLE_PRINT_AT_LOCATION[m[K(__VA_ARGS__); \
       [01;36m[K^~~~~~~~~~~~~~~~~~~~~~~~~~~~[m[K
[01m[K/opt/ros/kinetic/include/ros/console.h:561:35:[m[K [01;36m[Knote: [m[Kin expansion of macro ‘[01m[KROS_LOG_COND[m[K’
 #define ROS_LOG(level, name, ...) [01;36m[KROS_LOG_COND[m[K(true, level, name, __VA_ARGS__)
                                   [01;36m[K^~~~~~~~~~~~[m[K
[01m[K/opt/ros/kinetic/include/rosconsole/macros_generated.h:214:24:[m[K [01;36m[Knote: [m[Kin expansion of macro ‘[01m[KROS_LOG[m[K’
 #define ROS_ERROR(...) [01;36m[KROS_LOG[m[K(::ros::console::levels::Error, ROSCONSOLE_DEFAULT_NAME, __VA_ARGS__)
                        [01;36m[K^~~~~~~[m[K
[01m[K/home/miguel/ws/cpswarm_server/src/ros_plc_modbus/plc_modbus_node/src/ros_plc_modbus.cpp:161:5:[m[K [01;36m[Knote: [m[Kin expansion of macro ‘[01m[KROS_ERROR[m[K’
     [01;36m[KR[m[KOS_ERROR("%d coils to write but %d given!", coils_addr.size(), coils_data->data.size());
     [01;36m[K^[m[K
[01m[K/opt/ros/kinetic/include/ros/console.h:346:176:[m[K [01;35m[Kwarning: [m[Kformat ‘[01m[K%d[m[K’ expects argument of type ‘[01m[Kint[m[K’, but argument 9 has type ‘[01m[Kstd::vector<signed char, std::allocator<signed char> >::size_type {aka long unsigned int}[m[K’ [[01;35m[K-Wformat=[m[K]
     ::ros::console::print(filter, __rosconsole_define_location__loc.logger_, __rosconsole_define_location__loc.level_, __FILE__, __LINE__, __ROSCONSOLE_FUNCTION__, __VA_ARGS__[01;35m[K)[m[K
                                                                                                                                                                                [01;35m[K^[m[K
[01m[K/opt/ros/kinetic/include/ros/console.h:349:5:[m[K [01;36m[Knote: [m[Kin expansion of macro ‘[01m[KROSCONSOLE_PRINT_AT_LOCATION_WITH_FILTER[m[K’
     [01;36m[KROSCONSOLE_PRINT_AT_LOCATION_WITH_FILTER[m[K(0, __VA_ARGS__)
     [01;36m[K^~~~~~~~~~~~~~~~~~~~~~~~~~~~~~~~~~~~~~~~[m[K
[01m[K/opt/ros/kinetic/include/ros/console.h:379:7:[m[K [01;36m[Knote: [m[Kin expansion of macro ‘[01m[KROSCONSOLE_PRINT_AT_LOCATION[m[K’
       [01;36m[KROSCONSOLE_PRINT_AT_LOCATION[m[K(__VA_ARGS__); \
       [01;36m[K^~~~~~~~~~~~~~~~~~~~~~~~~~~~[m[K
[01m[K/opt/ros/kinetic/include/ros/console.h:561:35:[m[K [01;36m[Knote: [m[Kin expansion of macro ‘[01m[KROS_LOG_COND[m[K’
 #define ROS_LOG(level, name, ...) [01;36m[KROS_LOG_COND[m[K(true, level, name, __VA_ARGS__)
                                   [01;36m[K^~~~~~~~~~~~[m[K
[01m[K/opt/ros/kinetic/include/rosconsole/macros_generated.h:214:24:[m[K [01;36m[Knote: [m[Kin expansion of macro ‘[01m[KROS_LOG[m[K’
 #define ROS_ERROR(...) [01;36m[KROS_LOG[m[K(::ros::console::levels::Error, ROSCONSOLE_DEFAULT_NAME, __VA_ARGS__)
                        [01;36m[K^~~~~~~[m[K
[01m[K/home/miguel/ws/cpswarm_server/src/ros_plc_modbus/plc_modbus_node/src/ros_plc_modbus.cpp:161:5:[m[K [01;36m[Knote: [m[Kin expansion of macro ‘[01m[KROS_ERROR[m[K’
     [01;36m[KR[m[KOS_ERROR("%d coils to write but %d given!", coils_addr.size(), coils_data->data.size());
     [01;36m[K^[m[K
[01m[K/home/miguel/ws/cpswarm_server/src/ros_plc_modbus/plc_modbus_node/src/ros_plc_modbus.cpp:167:44:[m[K [01;35m[Kwarning: [m[Knarrowing conversion of ‘[01m[K(__gnu_cxx::__alloc_traits<std::allocator<signed char> >::value_type)(& coils_data)->boost::shared_ptr<T>::operator-><const std_msgs::ByteMultiArray_<std::allocator<void> > >()->std_msgs::ByteMultiArray_<std::allocator<void> >::data.std::vector<_Tp, _Alloc>::at<signed char, std::allocator<signed char> >(((std::vector<signed char, std::allocator<signed char> >::size_type)i))[m[K’ from ‘[01m[K__gnu_cxx::__alloc_traits<std::allocator<signed char> >::value_type {aka signed char}[m[K’ to ‘[01m[Kuint8_t {aka unsigned char}[m[K’ inside { } [[01;35m[K-Wnarrowing[m[K]
     uint8_t temp[1] = { [01;35m[Kcoils_data->data.at(i)[m[K };
                         [01;35m[K~~~~~~~~~~~~~~~~~~~^~~[m[K
[100%] [32m[1mLinking CXX executable /home/miguel/ws/cpswarm_server/devel/.private/plc_modbus_node/lib/plc_modbus_node/ros_plc_modbus[0m
[100%] Built target ros_plc_modbus
