Determining if the pthread_create exist failed with the following output:
Change Dir: /home/miguel/ws/cpswarm_server/build/communication/CMakeFiles/CMakeTmp

Run Build Command:"/usr/bin/make" "cmTC_eff22/fast"
/usr/bin/make -f CMakeFiles/cmTC_eff22.dir/build.make CMakeFiles/cmTC_eff22.dir/build
make[1]: Entering directory '/home/miguel/ws/cpswarm_server/build/communication/CMakeFiles/CMakeTmp'
Building C object CMakeFiles/cmTC_eff22.dir/CheckSymbolExists.c.o
/usr/bin/cc     -o CMakeFiles/cmTC_eff22.dir/CheckSymbolExists.c.o   -c /home/miguel/ws/cpswarm_server/build/communication/CMakeFiles/CMakeTmp/CheckSymbolExists.c
Linking C executable cmTC_eff22
/usr/bin/cmake -E cmake_link_script CMakeFiles/cmTC_eff22.dir/link.txt --verbose=1
/usr/bin/cc       CMakeFiles/cmTC_eff22.dir/CheckSymbolExists.c.o  -o cmTC_eff22 -rdynamic 
CMakeFiles/cmTC_eff22.dir/CheckSymbolExists.c.o: In function `main':
CheckSymbolExists.c:(.text+0x16): undefined reference to `pthread_create'
collect2: error: ld returned 1 exit status
CMakeFiles/cmTC_eff22.dir/build.make:97: recipe for target 'cmTC_eff22' failed
make[1]: *** [cmTC_eff22] Error 1
make[1]: Leaving directory '/home/miguel/ws/cpswarm_server/build/communication/CMakeFiles/CMakeTmp'
Makefile:126: recipe for target 'cmTC_eff22/fast' failed
make: *** [cmTC_eff22/fast] Error 2

File /home/miguel/ws/cpswarm_server/build/communication/CMakeFiles/CMakeTmp/CheckSymbolExists.c:
/* */
#include <pthread.h>

int main(int argc, char** argv)
{
  (void)argv;
#ifndef pthread_create
  return ((int*)(&pthread_create))[argc];
#else
  (void)argc;
  return 0;
#endif
}

Determining if the function pthread_create exists in the pthreads failed with the following output:
Change Dir: /home/miguel/ws/cpswarm_server/build/communication/CMakeFiles/CMakeTmp

Run Build Command:"/usr/bin/make" "cmTC_0b895/fast"
/usr/bin/make -f CMakeFiles/cmTC_0b895.dir/build.make CMakeFiles/cmTC_0b895.dir/build
make[1]: Entering directory '/home/miguel/ws/cpswarm_server/build/communication/CMakeFiles/CMakeTmp'
Building C object CMakeFiles/cmTC_0b895.dir/CheckFunctionExists.c.o
/usr/bin/cc    -DCHECK_FUNCTION_EXISTS=pthread_create   -o CMakeFiles/cmTC_0b895.dir/CheckFunctionExists.c.o   -c /usr/share/cmake-3.5/Modules/CheckFunctionExists.c
Linking C executable cmTC_0b895
/usr/bin/cmake -E cmake_link_script CMakeFiles/cmTC_0b895.dir/link.txt --verbose=1
/usr/bin/cc   -DCHECK_FUNCTION_EXISTS=pthread_create    CMakeFiles/cmTC_0b895.dir/CheckFunctionExists.c.o  -o cmTC_0b895 -rdynamic -lpthreads 
/usr/bin/x86_64-linux-gnu-ld: cannot find -lpthreads
collect2: error: ld returned 1 exit status
CMakeFiles/cmTC_0b895.dir/build.make:97: recipe for target 'cmTC_0b895' failed
make[1]: *** [cmTC_0b895] Error 1
make[1]: Leaving directory '/home/miguel/ws/cpswarm_server/build/communication/CMakeFiles/CMakeTmp'
Makefile:126: recipe for target 'cmTC_0b895/fast' failed
make: *** [cmTC_0b895/fast] Error 2


